{"C:\\Users\\cvaru\\OneDrive\\Desktop\\auraaaaa\\frontend\\src\\App.jsx": {"path":"C:\\Users\\cvaru\\OneDrive\\Desktop\\auraaaaa\\frontend\\src\\App.jsx","statementMap":{"0":{"start":{"line":14,"column":6},"end":{"line":19,"column":null}},"1":{"start":{"line":21,"column":6},"end":{"line":25,"column":null}},"2":{"start":{"line":27,"column":6},"end":{"line":30,"column":null}},"3":{"start":{"line":32,"column":6},"end":{"line":37,"column":null}},"4":{"start":{"line":39,"column":6},"end":{"line":42,"column":null}},"5":{"start":{"line":44,"column":6},"end":{"line":47,"column":null}},"6":{"start":{"line":49,"column":6},"end":{"line":78,"column":null}},"7":{"start":{"line":80,"column":6},"end":{"line":90,"column":null}},"8":{"start":{"line":92,"column":6},"end":{"line":115,"column":null}},"9":{"start":{"line":117,"column":6},"end":{"line":122,"column":null}},"10":{"start":{"line":124,"column":6},"end":{"line":138,"column":null}},"11":{"start":{"line":140,"column":6},"end":{"line":151,"column":null}},"12":{"start":{"line":153,"column":6},"end":{"line":159,"column":null}},"13":{"start":{"line":161,"column":6},"end":{"line":166,"column":null}},"14":{"start":{"line":168,"column":6},"end":{"line":177,"column":null}},"15":{"start":{"line":179,"column":6},"end":{"line":189,"column":null}},"16":{"start":{"line":191,"column":6},"end":{"line":198,"column":null}},"17":{"start":{"line":200,"column":6},"end":{"line":208,"column":null}},"18":{"start":{"line":210,"column":6},"end":{"line":217,"column":null}},"19":{"start":{"line":219,"column":6},"end":{"line":226,"column":null}},"20":{"start":{"line":228,"column":6},"end":{"line":239,"column":null}},"21":{"start":{"line":241,"column":6},"end":{"line":243,"column":null}},"22":{"start":{"line":245,"column":6},"end":{"line":249,"column":null}},"23":{"start":{"line":251,"column":6},"end":{"line":259,"column":null}},"24":{"start":{"line":261,"column":6},"end":{"line":265,"column":null}},"25":{"start":{"line":267,"column":6},"end":{"line":275,"column":null}},"26":{"start":{"line":277,"column":6},"end":{"line":294,"column":null}},"27":{"start":{"line":296,"column":6},"end":{"line":307,"column":null}},"28":{"start":{"line":309,"column":6},"end":{"line":313,"column":null}},"29":{"start":{"line":315,"column":6},"end":{"line":322,"column":null}},"30":{"start":{"line":324,"column":6},"end":{"line":332,"column":null}},"31":{"start":{"line":334,"column":6},"end":{"line":347,"column":null}},"32":{"start":{"line":349,"column":6},"end":{"line":359,"column":null}},"33":{"start":{"line":361,"column":6},"end":{"line":371,"column":null}},"34":{"start":{"line":373,"column":6},"end":{"line":397,"column":null}},"35":{"start":{"line":399,"column":6},"end":{"line":406,"column":null}},"36":{"start":{"line":408,"column":6},"end":{"line":413,"column":null}},"37":{"start":{"line":415,"column":6},"end":{"line":429,"column":null}},"38":{"start":{"line":432,"column":15},"end":{"line":432,"column":null}},"39":{"start":{"line":433,"column":18},"end":{"line":433,"column":null}},"40":{"start":{"line":434,"column":16},"end":{"line":434,"column":null}},"41":{"start":{"line":436,"column":25},"end":{"line":448,"column":null}},"42":{"start":{"line":437,"column":4},"end":{"line":437,"column":null}},"43":{"start":{"line":438,"column":4},"end":{"line":447,"column":null}},"44":{"start":{"line":439,"column":18},"end":{"line":439,"column":null}},"45":{"start":{"line":440,"column":6},"end":{"line":440,"column":null}},"46":{"start":{"line":441,"column":6},"end":{"line":441,"column":null}},"47":{"start":{"line":443,"column":6},"end":{"line":443,"column":null}},"48":{"start":{"line":444,"column":6},"end":{"line":444,"column":null}},"49":{"start":{"line":446,"column":6},"end":{"line":446,"column":null}},"50":{"start":{"line":450,"column":2},"end":{"line":452,"column":null}},"51":{"start":{"line":451,"column":4},"end":{"line":451,"column":null}},"52":{"start":{"line":454,"column":2},"end":{"line":460,"column":null}},"53":{"start":{"line":455,"column":4},"end":{"line":458,"column":null}},"54":{"start":{"line":462,"column":2},"end":{"line":485,"column":null}},"55":{"start":{"line":463,"column":4},"end":{"line":472,"column":null}},"56":{"start":{"line":464,"column":6},"end":{"line":470,"column":null}},"57":{"start":{"line":473,"column":4},"end":{"line":483,"column":null}},"58":{"start":{"line":487,"column":2},"end":{"line":521,"column":null}},"59":{"start":{"line":526,"column":8},"end":{"line":526,"column":null}},"60":{"start":{"line":527,"column":22},"end":{"line":527,"column":null}},"61":{"start":{"line":529,"column":2},"end":{"line":535,"column":null}},"62":{"start":{"line":530,"column":4},"end":{"line":533,"column":null}},"63":{"start":{"line":537,"column":2},"end":{"line":547,"column":null}},"64":{"start":{"line":552,"column":2},"end":{"line":555,"column":null}}},"fnMap":{"0":{"name":"SystemDashboard","decl":{"start":{"line":431,"column":9},"end":{"line":431,"column":27}},"loc":{"start":{"line":431,"column":27},"end":{"line":523,"column":null}},"line":431},"1":{"name":"(anonymous_1)","decl":{"start":{"line":436,"column":25},"end":{"line":436,"column":37}},"loc":{"start":{"line":436,"column":37},"end":{"line":448,"column":null}},"line":436},"2":{"name":"(anonymous_2)","decl":{"start":{"line":450,"column":2},"end":{"line":450,"column":18}},"loc":{"start":{"line":450,"column":18},"end":{"line":452,"column":5}},"line":450},"3":{"name":"AppContent","decl":{"start":{"line":525,"column":9},"end":{"line":525,"column":22}},"loc":{"start":{"line":525,"column":22},"end":{"line":549,"column":null}},"line":525},"4":{"name":"App","decl":{"start":{"line":551,"column":9},"end":{"line":551,"column":15}},"loc":{"start":{"line":551,"column":15},"end":{"line":557,"column":null}},"line":551}},"branchMap":{"0":{"loc":{"start":{"line":444,"column":15},"end":{"line":444,"column":96}},"type":"binary-expr","locations":[{"start":{"line":444,"column":15},"end":{"line":444,"column":45}},{"start":{"line":444,"column":45},"end":{"line":444,"column":60}},{"start":{"line":444,"column":60},"end":{"line":444,"column":96}}],"line":444},"1":{"loc":{"start":{"line":454,"column":2},"end":{"line":460,"column":null}},"type":"if","locations":[{"start":{"line":454,"column":2},"end":{"line":460,"column":null}},{"start":{},"end":{}}],"line":454},"2":{"loc":{"start":{"line":462,"column":2},"end":{"line":485,"column":null}},"type":"if","locations":[{"start":{"line":462,"column":2},"end":{"line":485,"column":null}},{"start":{},"end":{}}],"line":462},"3":{"loc":{"start":{"line":463,"column":4},"end":{"line":472,"column":null}},"type":"if","locations":[{"start":{"line":463,"column":4},"end":{"line":472,"column":null}},{"start":{},"end":{}}],"line":463},"4":{"loc":{"start":{"line":463,"column":8},"end":{"line":463,"column":223}},"type":"binary-expr","locations":[{"start":{"line":463,"column":8},"end":{"line":463,"column":33}},{"start":{"line":463,"column":33},"end":{"line":463,"column":78}},{"start":{"line":463,"column":78},"end":{"line":463,"column":131}},{"start":{"line":463,"column":131},"end":{"line":463,"column":178}},{"start":{"line":463,"column":178},"end":{"line":463,"column":223}}],"line":463},"5":{"loc":{"start":{"line":502,"column":22},"end":{"line":502,"column":57}},"type":"binary-expr","locations":[{"start":{"line":502,"column":22},"end":{"line":502,"column":44}},{"start":{"line":502,"column":44},"end":{"line":502,"column":57}}],"line":502},"6":{"loc":{"start":{"line":510,"column":22},"end":{"line":510,"column":61}},"type":"binary-expr","locations":[{"start":{"line":510,"column":22},"end":{"line":510,"column":48}},{"start":{"line":510,"column":48},"end":{"line":510,"column":61}}],"line":510},"7":{"loc":{"start":{"line":518,"column":22},"end":{"line":518,"column":64}},"type":"binary-expr","locations":[{"start":{"line":518,"column":22},"end":{"line":518,"column":51}},{"start":{"line":518,"column":51},"end":{"line":518,"column":64}}],"line":518},"8":{"loc":{"start":{"line":529,"column":2},"end":{"line":535,"column":null}},"type":"if","locations":[{"start":{"line":529,"column":2},"end":{"line":535,"column":null}},{"start":{},"end":{}}],"line":529}},"s":{"0":1,"1":1,"2":1,"3":1,"4":1,"5":1,"6":1,"7":1,"8":1,"9":1,"10":1,"11":1,"12":1,"13":1,"14":1,"15":1,"16":1,"17":1,"18":1,"19":1,"20":1,"21":1,"22":1,"23":1,"24":1,"25":1,"26":1,"27":1,"28":1,"29":1,"30":1,"31":1,"32":1,"33":1,"34":1,"35":1,"36":1,"37":1,"38":0,"39":0,"40":0,"41":0,"42":0,"43":0,"44":0,"45":0,"46":0,"47":0,"48":0,"49":0,"50":0,"51":0,"52":0,"53":0,"54":0,"55":0,"56":0,"57":0,"58":0,"59":1,"60":1,"61":1,"62":0,"63":1,"64":1},"f":{"0":0,"1":0,"2":0,"3":1,"4":1},"b":{"0":[0,0,0],"1":[0,0],"2":[0,0],"3":[0,0],"4":[0,0,0,0,0],"5":[0,0],"6":[0,0],"7":[0,0],"8":[0,1]},"meta":{"lastBranch":9,"lastFunction":5,"lastStatement":65,"seen":{"s:14:6:19:Infinity":0,"s:21:6:25:Infinity":1,"s:27:6:30:Infinity":2,"s:32:6:37:Infinity":3,"s:39:6:42:Infinity":4,"s:44:6:47:Infinity":5,"s:49:6:78:Infinity":6,"s:80:6:90:Infinity":7,"s:92:6:115:Infinity":8,"s:117:6:122:Infinity":9,"s:124:6:138:Infinity":10,"s:140:6:151:Infinity":11,"s:153:6:159:Infinity":12,"s:161:6:166:Infinity":13,"s:168:6:177:Infinity":14,"s:179:6:189:Infinity":15,"s:191:6:198:Infinity":16,"s:200:6:208:Infinity":17,"s:210:6:217:Infinity":18,"s:219:6:226:Infinity":19,"s:228:6:239:Infinity":20,"s:241:6:243:Infinity":21,"s:245:6:249:Infinity":22,"s:251:6:259:Infinity":23,"s:261:6:265:Infinity":24,"s:267:6:275:Infinity":25,"s:277:6:294:Infinity":26,"s:296:6:307:Infinity":27,"s:309:6:313:Infinity":28,"s:315:6:322:Infinity":29,"s:324:6:332:Infinity":30,"s:334:6:347:Infinity":31,"s:349:6:359:Infinity":32,"s:361:6:371:Infinity":33,"s:373:6:397:Infinity":34,"s:399:6:406:Infinity":35,"s:408:6:413:Infinity":36,"s:415:6:429:Infinity":37,"f:431:9:431:27":0,"s:432:15:432:Infinity":38,"s:433:18:433:Infinity":39,"s:434:16:434:Infinity":40,"s:436:25:448:Infinity":41,"f:436:25:436:37":1,"s:437:4:437:Infinity":42,"s:438:4:447:Infinity":43,"s:439:18:439:Infinity":44,"s:440:6:440:Infinity":45,"s:441:6:441:Infinity":46,"s:443:6:443:Infinity":47,"s:444:6:444:Infinity":48,"b:444:15:444:45:444:45:444:60:444:60:444:96":0,"s:446:6:446:Infinity":49,"s:450:2:452:Infinity":50,"f:450:2:450:18":2,"s:451:4:451:Infinity":51,"b:454:2:460:Infinity:undefined:undefined:undefined:undefined":1,"s:454:2:460:Infinity":52,"s:455:4:458:Infinity":53,"b:462:2:485:Infinity:undefined:undefined:undefined:undefined":2,"s:462:2:485:Infinity":54,"b:463:4:472:Infinity:undefined:undefined:undefined:undefined":3,"s:463:4:472:Infinity":55,"b:463:8:463:33:463:33:463:78:463:78:463:131:463:131:463:178:463:178:463:223":4,"s:464:6:470:Infinity":56,"s:473:4:483:Infinity":57,"s:487:2:521:Infinity":58,"b:502:22:502:44:502:44:502:57":5,"b:510:22:510:48:510:48:510:61":6,"b:518:22:518:51:518:51:518:64":7,"f:525:9:525:22":3,"s:526:8:526:Infinity":59,"s:527:22:527:Infinity":60,"b:529:2:535:Infinity:undefined:undefined:undefined:undefined":8,"s:529:2:535:Infinity":61,"s:530:4:533:Infinity":62,"s:537:2:547:Infinity":63,"f:551:9:551:15":4,"s:552:2:555:Infinity":64},"fnNames":{}}}
,"C:\\Users\\cvaru\\OneDrive\\Desktop\\auraaaaa\\frontend\\src\\stitches.config.js": {"path":"C:\\Users\\cvaru\\OneDrive\\Desktop\\auraaaaa\\frontend\\src\\stitches.config.js","statementMap":{"0":{"start":{"line":11,"column":2},"end":{"line":77,"column":null}},"1":{"start":{"line":72,"column":26},"end":{"line":72,"column":null}},"2":{"start":{"line":73,"column":26},"end":{"line":73,"column":null}},"3":{"start":{"line":74,"column":25},"end":{"line":74,"column":null}},"4":{"start":{"line":75,"column":25},"end":{"line":75,"column":null}}},"fnMap":{"0":{"name":"(anonymous_0)","decl":{"start":{"line":72,"column":4},"end":{"line":72,"column":15}},"loc":{"start":{"line":72,"column":26},"end":{"line":72,"column":null}},"line":72},"1":{"name":"(anonymous_1)","decl":{"start":{"line":73,"column":4},"end":{"line":73,"column":15}},"loc":{"start":{"line":73,"column":26},"end":{"line":73,"column":null}},"line":73},"2":{"name":"(anonymous_2)","decl":{"start":{"line":74,"column":4},"end":{"line":74,"column":14}},"loc":{"start":{"line":74,"column":25},"end":{"line":74,"column":null}},"line":74},"3":{"name":"(anonymous_3)","decl":{"start":{"line":75,"column":4},"end":{"line":75,"column":14}},"loc":{"start":{"line":75,"column":25},"end":{"line":75,"column":null}},"line":75}},"branchMap":{},"s":{"0":1,"1":0,"2":0,"3":0,"4":0},"f":{"0":0,"1":0,"2":0,"3":0},"b":{},"meta":{"lastBranch":0,"lastFunction":4,"lastStatement":5,"seen":{"s:11:2:77:Infinity":0,"f:72:4:72:15":0,"s:72:26:72:Infinity":1,"f:73:4:73:15":1,"s:73:26:73:Infinity":2,"f:74:4:74:14":2,"s:74:25:74:Infinity":3,"f:75:4:75:14":3,"s:75:25:75:Infinity":4},"fnNames":{}}}
,"C:\\Users\\cvaru\\OneDrive\\Desktop\\auraaaaa\\frontend\\src\\api\\axios.js": {"path":"C:\\Users\\cvaru\\OneDrive\\Desktop\\auraaaaa\\frontend\\src\\api\\axios.js","statementMap":{"0":{"start":{"line":3,"column":12},"end":{"line":8,"column":null}},"1":{"start":{"line":11,"column":0},"end":{"line":20,"column":null}},"2":{"start":{"line":13,"column":18},"end":{"line":13,"column":null}},"3":{"start":{"line":14,"column":4},"end":{"line":16,"column":null}},"4":{"start":{"line":15,"column":6},"end":{"line":15,"column":null}},"5":{"start":{"line":17,"column":4},"end":{"line":17,"column":null}},"6":{"start":{"line":19,"column":13},"end":{"line":19,"column":null}},"7":{"start":{"line":23,"column":0},"end":{"line":36,"column":null}},"8":{"start":{"line":24,"column":16},"end":{"line":24,"column":null}},"9":{"start":{"line":26,"column":4},"end":{"line":33,"column":null}},"10":{"start":{"line":27,"column":6},"end":{"line":27,"column":null}},"11":{"start":{"line":28,"column":6},"end":{"line":28,"column":null}},"12":{"start":{"line":30,"column":6},"end":{"line":32,"column":null}},"13":{"start":{"line":31,"column":8},"end":{"line":31,"column":null}},"14":{"start":{"line":34,"column":4},"end":{"line":34,"column":null}}},"fnMap":{"0":{"name":"(anonymous_0)","decl":{"start":{"line":11,"column":25},"end":{"line":11,"column":null}},"loc":{"start":{"line":12,"column":14},"end":{"line":18,"column":null}},"line":12},"1":{"name":"(anonymous_1)","decl":{"start":{"line":18,"column":2},"end":{"line":18,"column":null}},"loc":{"start":{"line":19,"column":13},"end":{"line":19,"column":null}},"line":19},"2":{"name":"(anonymous_2)","decl":{"start":{"line":23,"column":26},"end":{"line":23,"column":null}},"loc":{"start":{"line":24,"column":16},"end":{"line":24,"column":null}},"line":24},"3":{"name":"(anonymous_3)","decl":{"start":{"line":24,"column":16},"end":{"line":24,"column":null}},"loc":{"start":{"line":25,"column":13},"end":{"line":35,"column":null}},"line":25}},"branchMap":{"0":{"loc":{"start":{"line":4,"column":11},"end":{"line":4,"column":null}},"type":"binary-expr","locations":[{"start":{"line":4,"column":11},"end":{"line":4,"column":43}},{"start":{"line":4,"column":43},"end":{"line":4,"column":null}}],"line":4},"1":{"loc":{"start":{"line":14,"column":4},"end":{"line":16,"column":null}},"type":"if","locations":[{"start":{"line":14,"column":4},"end":{"line":16,"column":null}},{"start":{},"end":{}}],"line":14},"2":{"loc":{"start":{"line":26,"column":4},"end":{"line":33,"column":null}},"type":"if","locations":[{"start":{"line":26,"column":4},"end":{"line":33,"column":null}},{"start":{},"end":{}}],"line":26},"3":{"loc":{"start":{"line":26,"column":8},"end":{"line":26,"column":57}},"type":"binary-expr","locations":[{"start":{"line":26,"column":8},"end":{"line":26,"column":26}},{"start":{"line":26,"column":26},"end":{"line":26,"column":57}}],"line":26},"4":{"loc":{"start":{"line":30,"column":6},"end":{"line":32,"column":null}},"type":"if","locations":[{"start":{"line":30,"column":6},"end":{"line":32,"column":null}},{"start":{},"end":{}}],"line":30}},"s":{"0":2,"1":2,"2":0,"3":0,"4":0,"5":0,"6":0,"7":2,"8":0,"9":0,"10":0,"11":0,"12":0,"13":0,"14":0},"f":{"0":0,"1":0,"2":0,"3":0},"b":{"0":[2,2],"1":[0,0],"2":[0,0],"3":[0,0],"4":[0,0]},"meta":{"lastBranch":5,"lastFunction":4,"lastStatement":15,"seen":{"s:3:12:8:Infinity":0,"b:4:11:4:43:4:43:4:Infinity":0,"s:11:0:20:Infinity":1,"f:11:25:11:Infinity":0,"s:13:18:13:Infinity":2,"b:14:4:16:Infinity:undefined:undefined:undefined:undefined":1,"s:14:4:16:Infinity":3,"s:15:6:15:Infinity":4,"s:17:4:17:Infinity":5,"f:18:2:18:Infinity":1,"s:19:13:19:Infinity":6,"s:23:0:36:Infinity":7,"f:23:26:23:Infinity":2,"s:24:16:24:Infinity":8,"f:24:16:24:Infinity":3,"b:26:4:33:Infinity:undefined:undefined:undefined:undefined":2,"s:26:4:33:Infinity":9,"b:26:8:26:26:26:26:26:57":3,"s:27:6:27:Infinity":10,"s:28:6:28:Infinity":11,"b:30:6:32:Infinity:undefined:undefined:undefined:undefined":4,"s:30:6:32:Infinity":12,"s:31:8:31:Infinity":13,"s:34:4:34:Infinity":14},"fnNames":{}}}
,"C:\\Users\\cvaru\\OneDrive\\Desktop\\auraaaaa\\frontend\\src\\components\\Layout.jsx": {"path":"C:\\Users\\cvaru\\OneDrive\\Desktop\\auraaaaa\\frontend\\src\\components\\Layout.jsx","statementMap":{"0":{"start":{"line":7,"column":6},"end":{"line":13,"column":null}},"1":{"start":{"line":15,"column":6},"end":{"line":28,"column":null}},"2":{"start":{"line":30,"column":6},"end":{"line":33,"column":null}},"3":{"start":{"line":35,"column":6},"end":{"line":40,"column":null}},"4":{"start":{"line":42,"column":6},"end":{"line":49,"column":null}},"5":{"start":{"line":51,"column":6},"end":{"line":56,"column":null}},"6":{"start":{"line":58,"column":6},"end":{"line":80,"column":null}},"7":{"start":{"line":82,"column":6},"end":{"line":86,"column":null}},"8":{"start":{"line":88,"column":6},"end":{"line":91,"column":null}},"9":{"start":{"line":93,"column":6},"end":{"line":99,"column":null}},"10":{"start":{"line":101,"column":6},"end":{"line":121,"column":null}},"11":{"start":{"line":123,"column":6},"end":{"line":129,"column":null}},"12":{"start":{"line":131,"column":6},"end":{"line":155,"column":null}},"13":{"start":{"line":157,"column":6},"end":{"line":163,"column":null}},"14":{"start":{"line":165,"column":6},"end":{"line":178,"column":null}},"15":{"start":{"line":180,"column":6},"end":{"line":184,"column":null}},"16":{"start":{"line":186,"column":6},"end":{"line":203,"column":null}},"17":{"start":{"line":205,"column":6},"end":{"line":212,"column":null}},"18":{"start":{"line":214,"column":6},"end":{"line":218,"column":null}},"19":{"start":{"line":220,"column":6},"end":{"line":233,"column":null}},"20":{"start":{"line":235,"column":6},"end":{"line":244,"column":null}},"21":{"start":{"line":246,"column":6},"end":{"line":250,"column":null}},"22":{"start":{"line":252,"column":6},"end":{"line":256,"column":null}},"23":{"start":{"line":258,"column":6},"end":{"line":264,"column":null}},"24":{"start":{"line":266,"column":6},"end":{"line":271,"column":null}},"25":{"start":{"line":273,"column":6},"end":{"line":278,"column":null}},"26":{"start":{"line":280,"column":6},"end":{"line":291,"column":null}},"27":{"start":{"line":293,"column":6},"end":{"line":298,"column":null}},"28":{"start":{"line":300,"column":6},"end":{"line":302,"column":null}},"29":{"start":{"line":304,"column":6},"end":{"line":405,"column":null}},"30":{"start":{"line":305,"column":8},"end":{"line":305,"column":null}},"31":{"start":{"line":306,"column":8},"end":{"line":306,"column":null}},"32":{"start":{"line":307,"column":19},"end":{"line":307,"column":null}},"33":{"start":{"line":309,"column":19},"end":{"line":311,"column":null}},"34":{"start":{"line":313,"column":2},"end":{"line":316,"column":null}},"35":{"start":{"line":314,"column":4},"end":{"line":314,"column":null}},"36":{"start":{"line":315,"column":4},"end":{"line":315,"column":null}},"37":{"start":{"line":318,"column":2},"end":{"line":320,"column":null}},"38":{"start":{"line":319,"column":4},"end":{"line":319,"column":null}},"39":{"start":{"line":322,"column":2},"end":{"line":324,"column":null}},"40":{"start":{"line":323,"column":4},"end":{"line":323,"column":null}},"41":{"start":{"line":326,"column":8},"end":{"line":329,"column":null}},"42":{"start":{"line":327,"column":4},"end":{"line":327,"column":null}},"43":{"start":{"line":328,"column":4},"end":{"line":328,"column":null}},"44":{"start":{"line":331,"column":2},"end":{"line":403,"column":null}},"45":{"start":{"line":341,"column":12},"end":{"line":348,"column":null}}},"fnMap":{"0":{"name":"(anonymous_0)","decl":{"start":{"line":304,"column":6},"end":{"line":304,"column":16}},"loc":{"start":{"line":304,"column":33},"end":{"line":405,"column":null}},"line":304},"1":{"name":"(anonymous_1)","decl":{"start":{"line":326,"column":8},"end":{"line":326,"column":29}},"loc":{"start":{"line":326,"column":29},"end":{"line":329,"column":null}},"line":326},"2":{"name":"(anonymous_2)","decl":{"start":{"line":340,"column":20},"end":{"line":340,"column":25}},"loc":{"start":{"line":341,"column":12},"end":{"line":348,"column":null}},"line":341}},"branchMap":{"0":{"loc":{"start":{"line":307,"column":19},"end":{"line":307,"column":null}},"type":"binary-expr","locations":[{"start":{"line":307,"column":19},"end":{"line":307,"column":55}},{"start":{"line":307,"column":55},"end":{"line":307,"column":null}}],"line":307},"1":{"loc":{"start":{"line":313,"column":2},"end":{"line":316,"column":null}},"type":"if","locations":[{"start":{"line":313,"column":2},"end":{"line":316,"column":null}},{"start":{},"end":{}}],"line":313},"2":{"loc":{"start":{"line":318,"column":2},"end":{"line":320,"column":null}},"type":"if","locations":[{"start":{"line":318,"column":2},"end":{"line":320,"column":null}},{"start":{},"end":{}}],"line":318},"3":{"loc":{"start":{"line":322,"column":2},"end":{"line":324,"column":null}},"type":"if","locations":[{"start":{"line":322,"column":2},"end":{"line":324,"column":null}},{"start":{},"end":{}}],"line":322}},"s":{"0":1,"1":1,"2":1,"3":1,"4":1,"5":1,"6":1,"7":1,"8":1,"9":1,"10":1,"11":1,"12":1,"13":1,"14":1,"15":1,"16":1,"17":1,"18":1,"19":1,"20":1,"21":1,"22":1,"23":1,"24":1,"25":1,"26":1,"27":1,"28":1,"29":1,"30":1,"31":1,"32":1,"33":1,"34":1,"35":0,"36":0,"37":1,"38":0,"39":1,"40":0,"41":1,"42":0,"43":0,"44":1,"45":1},"f":{"0":1,"1":0,"2":1},"b":{"0":[1,1],"1":[0,1],"2":[0,1],"3":[0,1]},"meta":{"lastBranch":4,"lastFunction":3,"lastStatement":46,"seen":{"s:7:6:13:Infinity":0,"s:15:6:28:Infinity":1,"s:30:6:33:Infinity":2,"s:35:6:40:Infinity":3,"s:42:6:49:Infinity":4,"s:51:6:56:Infinity":5,"s:58:6:80:Infinity":6,"s:82:6:86:Infinity":7,"s:88:6:91:Infinity":8,"s:93:6:99:Infinity":9,"s:101:6:121:Infinity":10,"s:123:6:129:Infinity":11,"s:131:6:155:Infinity":12,"s:157:6:163:Infinity":13,"s:165:6:178:Infinity":14,"s:180:6:184:Infinity":15,"s:186:6:203:Infinity":16,"s:205:6:212:Infinity":17,"s:214:6:218:Infinity":18,"s:220:6:233:Infinity":19,"s:235:6:244:Infinity":20,"s:246:6:250:Infinity":21,"s:252:6:256:Infinity":22,"s:258:6:264:Infinity":23,"s:266:6:271:Infinity":24,"s:273:6:278:Infinity":25,"s:280:6:291:Infinity":26,"s:293:6:298:Infinity":27,"s:300:6:302:Infinity":28,"s:304:6:405:Infinity":29,"f:304:6:304:16":0,"s:305:8:305:Infinity":30,"s:306:8:306:Infinity":31,"s:307:19:307:Infinity":32,"b:307:19:307:55:307:55:307:Infinity":0,"s:309:19:311:Infinity":33,"b:313:2:316:Infinity:undefined:undefined:undefined:undefined":1,"s:313:2:316:Infinity":34,"s:314:4:314:Infinity":35,"s:315:4:315:Infinity":36,"b:318:2:320:Infinity:undefined:undefined:undefined:undefined":2,"s:318:2:320:Infinity":37,"s:319:4:319:Infinity":38,"b:322:2:324:Infinity:undefined:undefined:undefined:undefined":3,"s:322:2:324:Infinity":39,"s:323:4:323:Infinity":40,"s:326:8:329:Infinity":41,"f:326:8:326:29":1,"s:327:4:327:Infinity":42,"s:328:4:328:Infinity":43,"s:331:2:403:Infinity":44,"f:340:20:340:25":2,"s:341:12:348:Infinity":45},"fnNames":{}}}
,"C:\\Users\\cvaru\\OneDrive\\Desktop\\auraaaaa\\frontend\\src\\components\\NotificationsPanel.jsx": {"path":"C:\\Users\\cvaru\\OneDrive\\Desktop\\auraaaaa\\frontend\\src\\components\\NotificationsPanel.jsx","statementMap":{"0":{"start":{"line":5,"column":6},"end":{"line":79,"column":null}},"1":{"start":{"line":6,"column":24},"end":{"line":6,"column":null}},"2":{"start":{"line":7,"column":17},"end":{"line":7,"column":null}},"3":{"start":{"line":9,"column":29},"end":{"line":18,"column":null}},"4":{"start":{"line":10,"column":18},"end":{"line":10,"column":null}},"5":{"start":{"line":11,"column":4},"end":{"line":11,"column":null}},"6":{"start":{"line":11,"column":16},"end":{"line":11,"column":null}},"7":{"start":{"line":12,"column":4},"end":{"line":17,"column":null}},"8":{"start":{"line":13,"column":18},"end":{"line":13,"column":null}},"9":{"start":{"line":14,"column":6},"end":{"line":14,"column":null}},"10":{"start":{"line":16,"column":6},"end":{"line":16,"column":null}},"11":{"start":{"line":20,"column":2},"end":{"line":24,"column":null}},"12":{"start":{"line":21,"column":4},"end":{"line":21,"column":null}},"13":{"start":{"line":22,"column":17},"end":{"line":22,"column":null}},"14":{"start":{"line":23,"column":4},"end":{"line":23,"column":null}},"15":{"start":{"line":23,"column":17},"end":{"line":23,"column":null}},"16":{"start":{"line":26,"column":22},"end":{"line":26,"column":null}},"17":{"start":{"line":26,"column":48},"end":{"line":26,"column":58}},"18":{"start":{"line":28,"column":21},"end":{"line":35,"column":null}},"19":{"start":{"line":29,"column":4},"end":{"line":34,"column":null}},"20":{"start":{"line":30,"column":6},"end":{"line":30,"column":null}},"21":{"start":{"line":31,"column":6},"end":{"line":31,"column":null}},"22":{"start":{"line":31,"column":46},"end":{"line":31,"column":107}},"23":{"start":{"line":33,"column":6},"end":{"line":33,"column":null}},"24":{"start":{"line":37,"column":2},"end":{"line":77,"column":null}},"25":{"start":{"line":40,"column":23},"end":{"line":40,"column":null}},"26":{"start":{"line":59,"column":16},"end":{"line":71,"column":null}},"27":{"start":{"line":62,"column":33},"end":{"line":62,"column":null}}},"fnMap":{"0":{"name":"(anonymous_0)","decl":{"start":{"line":5,"column":6},"end":{"line":5,"column":33}},"loc":{"start":{"line":5,"column":33},"end":{"line":79,"column":null}},"line":5},"1":{"name":"(anonymous_1)","decl":{"start":{"line":9,"column":29},"end":{"line":9,"column":41}},"loc":{"start":{"line":9,"column":41},"end":{"line":18,"column":null}},"line":9},"2":{"name":"(anonymous_2)","decl":{"start":{"line":20,"column":2},"end":{"line":20,"column":18}},"loc":{"start":{"line":20,"column":18},"end":{"line":24,"column":5}},"line":20},"3":{"name":"(anonymous_3)","decl":{"start":{"line":23,"column":4},"end":{"line":23,"column":17}},"loc":{"start":{"line":23,"column":17},"end":{"line":23,"column":null}},"line":23},"4":{"name":"(anonymous_4)","decl":{"start":{"line":26,"column":36},"end":{"line":26,"column":43}},"loc":{"start":{"line":26,"column":48},"end":{"line":26,"column":58}},"line":26},"5":{"name":"(anonymous_5)","decl":{"start":{"line":28,"column":21},"end":{"line":28,"column":28}},"loc":{"start":{"line":28,"column":35},"end":{"line":35,"column":null}},"line":28},"6":{"name":"(anonymous_6)","decl":{"start":{"line":31,"column":37},"end":{"line":31,"column":41}},"loc":{"start":{"line":31,"column":46},"end":{"line":31,"column":107}},"line":31},"7":{"name":"(anonymous_7)","decl":{"start":{"line":40,"column":8},"end":{"line":40,"column":23}},"loc":{"start":{"line":40,"column":23},"end":{"line":40,"column":null}},"line":40},"8":{"name":"(anonymous_8)","decl":{"start":{"line":58,"column":28},"end":{"line":58,"column":32}},"loc":{"start":{"line":59,"column":16},"end":{"line":71,"column":null}},"line":59},"9":{"name":"(anonymous_9)","decl":{"start":{"line":62,"column":18},"end":{"line":62,"column":33}},"loc":{"start":{"line":62,"column":33},"end":{"line":62,"column":null}},"line":62}},"branchMap":{"0":{"loc":{"start":{"line":11,"column":4},"end":{"line":11,"column":null}},"type":"if","locations":[{"start":{"line":11,"column":4},"end":{"line":11,"column":null}},{"start":{},"end":{}}],"line":11},"1":{"loc":{"start":{"line":31,"column":46},"end":{"line":31,"column":107}},"type":"cond-expr","locations":[{"start":{"line":31,"column":60},"end":{"line":31,"column":106}},{"start":{"line":31,"column":106},"end":{"line":31,"column":107}}],"line":31},"2":{"loc":{"start":{"line":44,"column":9},"end":{"line":47,"column":null}},"type":"binary-expr","locations":[{"start":{"line":44,"column":9},"end":{"line":44,"column":null}},{"start":{"line":45,"column":10},"end":{"line":47,"column":null}}],"line":44},"3":{"loc":{"start":{"line":49,"column":7},"end":{"line":77,"column":null}},"type":"binary-expr","locations":[{"start":{"line":49,"column":7},"end":{"line":49,"column":null}},{"start":{"line":50,"column":8},"end":{"line":77,"column":null}}],"line":49},"4":{"loc":{"start":{"line":55,"column":13},"end":{"line":72,"column":null}},"type":"cond-expr","locations":[{"start":{"line":56,"column":14},"end":{"line":58,"column":28}},{"start":{"line":58,"column":14},"end":{"line":72,"column":null}}],"line":55},"5":{"loc":{"start":{"line":61,"column":55},"end":{"line":61,"column":null}},"type":"cond-expr","locations":[{"start":{"line":61,"column":72},"end":{"line":61,"column":83}},{"start":{"line":61,"column":83},"end":{"line":61,"column":null}}],"line":61},"6":{"loc":{"start":{"line":62,"column":33},"end":{"line":62,"column":null}},"type":"binary-expr","locations":[{"start":{"line":62,"column":33},"end":{"line":62,"column":51}},{"start":{"line":62,"column":51},"end":{"line":62,"column":null}}],"line":62}},"s":{"0":2,"1":3,"2":3,"3":3,"4":1,"5":1,"6":0,"7":1,"8":1,"9":1,"10":0,"11":3,"12":1,"13":1,"14":1,"15":1,"16":3,"17":2,"18":3,"19":0,"20":0,"21":0,"22":0,"23":0,"24":3,"25":1,"26":1,"27":0},"f":{"0":3,"1":1,"2":1,"3":1,"4":2,"5":0,"6":0,"7":1,"8":1,"9":0},"b":{"0":[0,1],"1":[0,0],"2":[3,2],"3":[3,1],"4":[0,1],"5":[1,0],"6":[0,0]},"meta":{"lastBranch":7,"lastFunction":10,"lastStatement":28,"seen":{"s:5:6:79:Infinity":0,"f:5:6:5:33":0,"s:6:24:6:Infinity":1,"s:7:17:7:Infinity":2,"s:9:29:18:Infinity":3,"f:9:29:9:41":1,"s:10:18:10:Infinity":4,"b:11:4:11:Infinity:undefined:undefined:undefined:undefined":0,"s:11:4:11:Infinity":5,"s:11:16:11:Infinity":6,"s:12:4:17:Infinity":7,"s:13:18:13:Infinity":8,"s:14:6:14:Infinity":9,"s:16:6:16:Infinity":10,"s:20:2:24:Infinity":11,"f:20:2:20:18":2,"s:21:4:21:Infinity":12,"s:22:17:22:Infinity":13,"s:23:4:23:Infinity":14,"f:23:4:23:17":3,"s:23:17:23:Infinity":15,"s:26:22:26:Infinity":16,"f:26:36:26:43":4,"s:26:48:26:58":17,"s:28:21:35:Infinity":18,"f:28:21:28:28":5,"s:29:4:34:Infinity":19,"s:30:6:30:Infinity":20,"s:31:6:31:Infinity":21,"f:31:37:31:41":6,"s:31:46:31:107":22,"b:31:60:31:106:31:106:31:107":1,"s:33:6:33:Infinity":23,"s:37:2:77:Infinity":24,"f:40:8:40:23":7,"s:40:23:40:Infinity":25,"b:44:9:44:Infinity:45:10:47:Infinity":2,"b:49:7:49:Infinity:50:8:77:Infinity":3,"b:56:14:58:28:58:14:72:Infinity":4,"f:58:28:58:32":8,"s:59:16:71:Infinity":26,"b:61:72:61:83:61:83:61:Infinity":5,"f:62:18:62:33":9,"s:62:33:62:Infinity":27,"b:62:33:62:51:62:51:62:Infinity":6},"fnNames":{}}}
,"C:\\Users\\cvaru\\OneDrive\\Desktop\\auraaaaa\\frontend\\src\\pages\\BulkUpload.jsx": {"path":"C:\\Users\\cvaru\\OneDrive\\Desktop\\auraaaaa\\frontend\\src\\pages\\BulkUpload.jsx","statementMap":{"0":{"start":{"line":6,"column":6},"end":{"line":306,"column":null}},"1":{"start":{"line":7,"column":20},"end":{"line":7,"column":null}},"2":{"start":{"line":10,"column":21},"end":{"line":10,"column":null}},"3":{"start":{"line":11,"column":22},"end":{"line":11,"column":null}},"4":{"start":{"line":12,"column":24},"end":{"line":12,"column":null}},"5":{"start":{"line":13,"column":23},"end":{"line":13,"column":null}},"6":{"start":{"line":14,"column":20},"end":{"line":14,"column":null}},"7":{"start":{"line":17,"column":19},"end":{"line":17,"column":null}},"8":{"start":{"line":18,"column":20},"end":{"line":18,"column":null}},"9":{"start":{"line":21,"column":20},"end":{"line":21,"column":null}},"10":{"start":{"line":22,"column":18},"end":{"line":22,"column":null}},"11":{"start":{"line":25,"column":8},"end":{"line":27,"column":null}},"12":{"start":{"line":26,"column":4},"end":{"line":26,"column":null}},"13":{"start":{"line":26,"column":34},"end":{"line":26,"column":null}},"14":{"start":{"line":29,"column":58},"end":{"line":33,"column":null}},"15":{"start":{"line":35,"column":33},"end":{"line":75,"column":null}},"16":{"start":{"line":36,"column":4},"end":{"line":36,"column":null}},"17":{"start":{"line":37,"column":4},"end":{"line":40,"column":null}},"18":{"start":{"line":38,"column":6},"end":{"line":38,"column":null}},"19":{"start":{"line":39,"column":6},"end":{"line":39,"column":null}},"20":{"start":{"line":41,"column":4},"end":{"line":41,"column":null}},"21":{"start":{"line":42,"column":4},"end":{"line":42,"column":null}},"22":{"start":{"line":43,"column":21},"end":{"line":43,"column":null}},"23":{"start":{"line":44,"column":4},"end":{"line":44,"column":null}},"24":{"start":{"line":45,"column":4},"end":{"line":45,"column":null}},"25":{"start":{"line":46,"column":4},"end":{"line":46,"column":null}},"26":{"start":{"line":47,"column":4},"end":{"line":47,"column":null}},"27":{"start":{"line":48,"column":4},"end":{"line":48,"column":null}},"28":{"start":{"line":50,"column":4},"end":{"line":74,"column":null}},"29":{"start":{"line":51,"column":18},"end":{"line":53,"column":null}},"30":{"start":{"line":54,"column":6},"end":{"line":54,"column":null}},"31":{"start":{"line":56,"column":6},"end":{"line":56,"column":null}},"32":{"start":{"line":57,"column":6},"end":{"line":57,"column":null}},"33":{"start":{"line":58,"column":6},"end":{"line":58,"column":null}},"34":{"start":{"line":59,"column":6},"end":{"line":59,"column":null}},"35":{"start":{"line":60,"column":6},"end":{"line":60,"column":null}},"36":{"start":{"line":62,"column":6},"end":{"line":62,"column":null}},"37":{"start":{"line":63,"column":21},"end":{"line":63,"column":null}},"38":{"start":{"line":64,"column":6},"end":{"line":70,"column":null}},"39":{"start":{"line":65,"column":8},"end":{"line":69,"column":null}},"40":{"start":{"line":66,"column":10},"end":{"line":66,"column":null}},"41":{"start":{"line":66,"column":55},"end":{"line":66,"column":85}},"42":{"start":{"line":68,"column":10},"end":{"line":68,"column":null}},"43":{"start":{"line":71,"column":6},"end":{"line":71,"column":null}},"44":{"start":{"line":73,"column":6},"end":{"line":73,"column":null}},"45":{"start":{"line":78,"column":8},"end":{"line":80,"column":null}},"46":{"start":{"line":79,"column":4},"end":{"line":79,"column":null}},"47":{"start":{"line":79,"column":34},"end":{"line":79,"column":null}},"48":{"start":{"line":82,"column":8},"end":{"line":84,"column":null}},"49":{"start":{"line":83,"column":4},"end":{"line":83,"column":null}},"50":{"start":{"line":83,"column":25},"end":{"line":83,"column":52}},"51":{"start":{"line":86,"column":8},"end":{"line":88,"column":null}},"52":{"start":{"line":87,"column":4},"end":{"line":87,"column":null}},"53":{"start":{"line":87,"column":25},"end":{"line":87,"column":58}},"54":{"start":{"line":87,"column":42},"end":{"line":87,"column":57}},"55":{"start":{"line":90,"column":57},"end":{"line":94,"column":null}},"56":{"start":{"line":96,"column":53},"end":{"line":99,"column":null}},"57":{"start":{"line":101,"column":27},"end":{"line":134,"column":null}},"58":{"start":{"line":102,"column":4},"end":{"line":102,"column":null}},"59":{"start":{"line":102,"column":19},"end":{"line":102,"column":null}},"60":{"start":{"line":103,"column":4},"end":{"line":106,"column":null}},"61":{"start":{"line":104,"column":6},"end":{"line":104,"column":null}},"62":{"start":{"line":105,"column":6},"end":{"line":105,"column":null}},"63":{"start":{"line":107,"column":4},"end":{"line":107,"column":null}},"64":{"start":{"line":108,"column":4},"end":{"line":108,"column":null}},"65":{"start":{"line":109,"column":21},"end":{"line":109,"column":null}},"66":{"start":{"line":110,"column":4},"end":{"line":110,"column":null}},"67":{"start":{"line":111,"column":4},"end":{"line":111,"column":null}},"68":{"start":{"line":111,"column":29},"end":{"line":111,"column":62}},"69":{"start":{"line":113,"column":4},"end":{"line":133,"column":null}},"70":{"start":{"line":114,"column":18},"end":{"line":116,"column":null}},"71":{"start":{"line":117,"column":6},"end":{"line":117,"column":null}},"72":{"start":{"line":118,"column":6},"end":{"line":118,"column":null}},"73":{"start":{"line":119,"column":6},"end":{"line":119,"column":null}},"74":{"start":{"line":121,"column":6},"end":{"line":121,"column":null}},"75":{"start":{"line":122,"column":21},"end":{"line":122,"column":null}},"76":{"start":{"line":123,"column":6},"end":{"line":129,"column":null}},"77":{"start":{"line":124,"column":8},"end":{"line":128,"column":null}},"78":{"start":{"line":125,"column":10},"end":{"line":125,"column":null}},"79":{"start":{"line":125,"column":55},"end":{"line":125,"column":85}},"80":{"start":{"line":127,"column":10},"end":{"line":127,"column":null}},"81":{"start":{"line":130,"column":6},"end":{"line":130,"column":null}},"82":{"start":{"line":132,"column":6},"end":{"line":132,"column":null}},"83":{"start":{"line":136,"column":2},"end":{"line":304,"column":null}},"84":{"start":{"line":143,"column":27},"end":{"line":143,"column":55}},"85":{"start":{"line":143,"column":55},"end":{"line":143,"column":73}},"86":{"start":{"line":149,"column":27},"end":{"line":149,"column":49}},"87":{"start":{"line":149,"column":49},"end":{"line":149,"column":67}},"88":{"start":{"line":161,"column":76},"end":{"line":161,"column":107}},"89":{"start":{"line":165,"column":77},"end":{"line":165,"column":109}},"90":{"start":{"line":169,"column":79},"end":{"line":169,"column":113}},"91":{"start":{"line":173,"column":92},"end":{"line":173,"column":125}},"92":{"start":{"line":257,"column":18},"end":{"line":260,"column":null}},"93":{"start":{"line":259,"column":43},"end":{"line":259,"column":64}},"94":{"start":{"line":294,"column":18},"end":{"line":297,"column":null}}},"fnMap":{"0":{"name":"(anonymous_0)","decl":{"start":{"line":6,"column":6},"end":{"line":6,"column":26}},"loc":{"start":{"line":6,"column":26},"end":{"line":306,"column":null}},"line":6},"1":{"name":"(anonymous_1)","decl":{"start":{"line":25,"column":26},"end":{"line":25,"column":38}},"loc":{"start":{"line":25,"column":55},"end":{"line":27,"column":5}},"line":25},"2":{"name":"(anonymous_2)","decl":{"start":{"line":35,"column":33},"end":{"line":35,"column":40}},"loc":{"start":{"line":35,"column":46},"end":{"line":75,"column":null}},"line":35},"3":{"name":"(anonymous_3)","decl":{"start":{"line":66,"column":46},"end":{"line":66,"column":50}},"loc":{"start":{"line":66,"column":55},"end":{"line":66,"column":85}},"line":66},"4":{"name":"(anonymous_4)","decl":{"start":{"line":78,"column":25},"end":{"line":78,"column":37}},"loc":{"start":{"line":78,"column":54},"end":{"line":80,"column":5}},"line":78},"5":{"name":"(anonymous_5)","decl":{"start":{"line":82,"column":21},"end":{"line":82,"column":33}},"loc":{"start":{"line":82,"column":50},"end":{"line":84,"column":5}},"line":82},"6":{"name":"(anonymous_6)","decl":{"start":{"line":83,"column":4},"end":{"line":83,"column":17}},"loc":{"start":{"line":83,"column":25},"end":{"line":83,"column":52}},"line":83},"7":{"name":"(anonymous_7)","decl":{"start":{"line":86,"column":8},"end":{"line":86,"column":21}},"loc":{"start":{"line":86,"column":30},"end":{"line":88,"column":null}},"line":86},"8":{"name":"(anonymous_8)","decl":{"start":{"line":87,"column":4},"end":{"line":87,"column":17}},"loc":{"start":{"line":87,"column":25},"end":{"line":87,"column":58}},"line":87},"9":{"name":"(anonymous_9)","decl":{"start":{"line":87,"column":30},"end":{"line":87,"column":37}},"loc":{"start":{"line":87,"column":42},"end":{"line":87,"column":57}},"line":87},"10":{"name":"(anonymous_10)","decl":{"start":{"line":101,"column":27},"end":{"line":101,"column":39}},"loc":{"start":{"line":101,"column":39},"end":{"line":134,"column":null}},"line":101},"11":{"name":"(anonymous_11)","decl":{"start":{"line":111,"column":14},"end":{"line":111,"column":22}},"loc":{"start":{"line":111,"column":29},"end":{"line":111,"column":62}},"line":111},"12":{"name":"(anonymous_12)","decl":{"start":{"line":125,"column":46},"end":{"line":125,"column":50}},"loc":{"start":{"line":125,"column":55},"end":{"line":125,"column":85}},"line":125},"13":{"name":"(anonymous_13)","decl":{"start":{"line":143,"column":10},"end":{"line":143,"column":25}},"loc":{"start":{"line":143,"column":25},"end":{"line":143,"column":null}},"line":143},"14":{"name":"(anonymous_14)","decl":{"start":{"line":149,"column":10},"end":{"line":149,"column":25}},"loc":{"start":{"line":149,"column":25},"end":{"line":149,"column":null}},"line":149},"15":{"name":"(anonymous_15)","decl":{"start":{"line":161,"column":61},"end":{"line":161,"column":71}},"loc":{"start":{"line":161,"column":76},"end":{"line":161,"column":107}},"line":161},"16":{"name":"(anonymous_16)","decl":{"start":{"line":165,"column":62},"end":{"line":165,"column":72}},"loc":{"start":{"line":165,"column":77},"end":{"line":165,"column":109}},"line":165},"17":{"name":"(anonymous_17)","decl":{"start":{"line":169,"column":64},"end":{"line":169,"column":74}},"loc":{"start":{"line":169,"column":79},"end":{"line":169,"column":113}},"line":169},"18":{"name":"(anonymous_18)","decl":{"start":{"line":173,"column":77},"end":{"line":173,"column":87}},"loc":{"start":{"line":173,"column":92},"end":{"line":173,"column":125}},"line":173},"19":{"name":"(anonymous_19)","decl":{"start":{"line":256,"column":27},"end":{"line":256,"column":32}},"loc":{"start":{"line":257,"column":18},"end":{"line":260,"column":null}},"line":257},"20":{"name":"(anonymous_20)","decl":{"start":{"line":259,"column":28},"end":{"line":259,"column":43}},"loc":{"start":{"line":259,"column":43},"end":{"line":259,"column":64}},"line":259},"21":{"name":"(anonymous_21)","decl":{"start":{"line":293,"column":32},"end":{"line":293,"column":37}},"loc":{"start":{"line":294,"column":18},"end":{"line":297,"column":null}},"line":294}},"branchMap":{"0":{"loc":{"start":{"line":26,"column":4},"end":{"line":26,"column":null}},"type":"if","locations":[{"start":{"line":26,"column":4},"end":{"line":26,"column":null}},{"start":{},"end":{}}],"line":26},"1":{"loc":{"start":{"line":37,"column":4},"end":{"line":40,"column":null}},"type":"if","locations":[{"start":{"line":37,"column":4},"end":{"line":40,"column":null}},{"start":{},"end":{}}],"line":37},"2":{"loc":{"start":{"line":64,"column":6},"end":{"line":70,"column":null}},"type":"if","locations":[{"start":{"line":64,"column":6},"end":{"line":70,"column":null}},{"start":{},"end":{}}],"line":64},"3":{"loc":{"start":{"line":65,"column":8},"end":{"line":69,"column":null}},"type":"if","locations":[{"start":{"line":65,"column":8},"end":{"line":69,"column":null}},{"start":{"line":67,"column":15},"end":{"line":69,"column":null}}],"line":65},"4":{"loc":{"start":{"line":79,"column":4},"end":{"line":79,"column":null}},"type":"if","locations":[{"start":{"line":79,"column":4},"end":{"line":79,"column":null}},{"start":{},"end":{}}],"line":79},"5":{"loc":{"start":{"line":102,"column":4},"end":{"line":102,"column":null}},"type":"if","locations":[{"start":{"line":102,"column":4},"end":{"line":102,"column":null}},{"start":{},"end":{}}],"line":102},"6":{"loc":{"start":{"line":103,"column":4},"end":{"line":106,"column":null}},"type":"if","locations":[{"start":{"line":103,"column":4},"end":{"line":106,"column":null}},{"start":{},"end":{}}],"line":103},"7":{"loc":{"start":{"line":123,"column":6},"end":{"line":129,"column":null}},"type":"if","locations":[{"start":{"line":123,"column":6},"end":{"line":129,"column":null}},{"start":{},"end":{}}],"line":123},"8":{"loc":{"start":{"line":124,"column":8},"end":{"line":128,"column":null}},"type":"if","locations":[{"start":{"line":124,"column":8},"end":{"line":128,"column":null}},{"start":{"line":126,"column":15},"end":{"line":128,"column":null}}],"line":124},"9":{"loc":{"start":{"line":144,"column":62},"end":{"line":144,"column":140}},"type":"cond-expr","locations":[{"start":{"line":144,"column":91},"end":{"line":144,"column":114}},{"start":{"line":144,"column":114},"end":{"line":144,"column":140}}],"line":144},"10":{"loc":{"start":{"line":144,"column":152},"end":{"line":144,"column":192}},"type":"cond-expr","locations":[{"start":{"line":144,"column":181},"end":{"line":144,"column":187}},{"start":{"line":144,"column":187},"end":{"line":144,"column":192}}],"line":144},"11":{"loc":{"start":{"line":144,"column":246},"end":{"line":144,"column":333}},"type":"cond-expr","locations":[{"start":{"line":144,"column":275},"end":{"line":144,"column":308}},{"start":{"line":144,"column":308},"end":{"line":144,"column":333}}],"line":144},"12":{"loc":{"start":{"line":150,"column":62},"end":{"line":150,"column":134}},"type":"cond-expr","locations":[{"start":{"line":150,"column":85},"end":{"line":150,"column":108}},{"start":{"line":150,"column":108},"end":{"line":150,"column":134}}],"line":150},"13":{"loc":{"start":{"line":150,"column":146},"end":{"line":150,"column":180}},"type":"cond-expr","locations":[{"start":{"line":150,"column":169},"end":{"line":150,"column":175}},{"start":{"line":150,"column":175},"end":{"line":150,"column":180}}],"line":150},"14":{"loc":{"start":{"line":150,"column":234},"end":{"line":150,"column":315}},"type":"cond-expr","locations":[{"start":{"line":150,"column":257},"end":{"line":150,"column":290}},{"start":{"line":150,"column":290},"end":{"line":150,"column":315}}],"line":150},"15":{"loc":{"start":{"line":156,"column":7},"end":{"line":207,"column":null}},"type":"binary-expr","locations":[{"start":{"line":156,"column":7},"end":{"line":156,"column":null}},{"start":{"line":157,"column":8},"end":{"line":207,"column":null}}],"line":156},"16":{"loc":{"start":{"line":181,"column":16},"end":{"line":194,"column":null}},"type":"cond-expr","locations":[{"start":{"line":182,"column":17},"end":{"line":188,"column":18}},{"start":{"line":188,"column":17},"end":{"line":194,"column":null}}],"line":181},"17":{"loc":{"start":{"line":202,"column":32},"end":{"line":202,"column":53}},"type":"cond-expr","locations":[{"start":{"line":202,"column":44},"end":{"line":202,"column":50}},{"start":{"line":202,"column":50},"end":{"line":202,"column":53}}],"line":202},"18":{"loc":{"start":{"line":202,"column":61},"end":{"line":202,"column":99}},"type":"cond-expr","locations":[{"start":{"line":202,"column":73},"end":{"line":202,"column":89}},{"start":{"line":202,"column":89},"end":{"line":202,"column":99}}],"line":202},"19":{"loc":{"start":{"line":204,"column":15},"end":{"line":204,"column":null}},"type":"cond-expr","locations":[{"start":{"line":204,"column":27},"end":{"line":204,"column":44}},{"start":{"line":204,"column":44},"end":{"line":204,"column":null}}],"line":204},"20":{"loc":{"start":{"line":210,"column":7},"end":{"line":276,"column":null}},"type":"binary-expr","locations":[{"start":{"line":210,"column":7},"end":{"line":210,"column":null}},{"start":{"line":211,"column":8},"end":{"line":276,"column":null}}],"line":210},"21":{"loc":{"start":{"line":220,"column":17},"end":{"line":233,"column":null}},"type":"cond-expr","locations":[{"start":{"line":221,"column":18},"end":{"line":227,"column":19}},{"start":{"line":227,"column":18},"end":{"line":233,"column":null}}],"line":220},"22":{"loc":{"start":{"line":252,"column":11},"end":{"line":263,"column":null}},"type":"binary-expr","locations":[{"start":{"line":252,"column":11},"end":{"line":252,"column":null}},{"start":{"line":253,"column":12},"end":{"line":263,"column":null}}],"line":252},"23":{"loc":{"start":{"line":269,"column":24},"end":{"line":269,"column":null}},"type":"binary-expr","locations":[{"start":{"line":269,"column":24},"end":{"line":269,"column":37}},{"start":{"line":269,"column":37},"end":{"line":269,"column":null}}],"line":269},"24":{"loc":{"start":{"line":271,"column":33},"end":{"line":271,"column":68}},"type":"cond-expr","locations":[{"start":{"line":271,"column":59},"end":{"line":271,"column":65}},{"start":{"line":271,"column":65},"end":{"line":271,"column":68}}],"line":271},"25":{"loc":{"start":{"line":271,"column":33},"end":{"line":271,"column":59}},"type":"binary-expr","locations":[{"start":{"line":271,"column":33},"end":{"line":271,"column":46}},{"start":{"line":271,"column":46},"end":{"line":271,"column":59}}],"line":271},"26":{"loc":{"start":{"line":271,"column":77},"end":{"line":271,"column":129}},"type":"cond-expr","locations":[{"start":{"line":271,"column":103},"end":{"line":271,"column":119}},{"start":{"line":271,"column":119},"end":{"line":271,"column":129}}],"line":271},"27":{"loc":{"start":{"line":271,"column":77},"end":{"line":271,"column":103}},"type":"binary-expr","locations":[{"start":{"line":271,"column":77},"end":{"line":271,"column":90}},{"start":{"line":271,"column":90},"end":{"line":271,"column":103}}],"line":271},"28":{"loc":{"start":{"line":273,"column":15},"end":{"line":273,"column":null}},"type":"cond-expr","locations":[{"start":{"line":273,"column":27},"end":{"line":273,"column":52}},{"start":{"line":273,"column":52},"end":{"line":273,"column":null}}],"line":273},"29":{"loc":{"start":{"line":280,"column":7},"end":{"line":302,"column":null}},"type":"binary-expr","locations":[{"start":{"line":280,"column":7},"end":{"line":280,"column":null}},{"start":{"line":281,"column":8},"end":{"line":302,"column":null}}],"line":280},"30":{"loc":{"start":{"line":283,"column":11},"end":{"line":287,"column":null}},"type":"binary-expr","locations":[{"start":{"line":283,"column":11},"end":{"line":283,"column":null}},{"start":{"line":284,"column":12},"end":{"line":287,"column":null}}],"line":283},"31":{"loc":{"start":{"line":286,"column":15},"end":{"line":287,"column":null}},"type":"binary-expr","locations":[{"start":{"line":286,"column":15},"end":{"line":286,"column":42}},{"start":{"line":286,"column":42},"end":{"line":287,"column":null}}],"line":286},"32":{"loc":{"start":{"line":289,"column":11},"end":{"line":300,"column":null}},"type":"binary-expr","locations":[{"start":{"line":289,"column":11},"end":{"line":289,"column":29}},{"start":{"line":289,"column":29},"end":{"line":289,"column":null}},{"start":{"line":290,"column":12},"end":{"line":300,"column":null}}],"line":289}},"s":{"0":2,"1":1,"2":1,"3":1,"4":1,"5":1,"6":1,"7":1,"8":1,"9":1,"10":1,"11":1,"12":0,"13":0,"14":1,"15":1,"16":0,"17":0,"18":0,"19":0,"20":0,"21":0,"22":0,"23":0,"24":0,"25":0,"26":0,"27":0,"28":0,"29":0,"30":0,"31":0,"32":0,"33":0,"34":0,"35":0,"36":0,"37":0,"38":0,"39":0,"40":0,"41":0,"42":0,"43":0,"44":0,"45":1,"46":0,"47":0,"48":1,"49":0,"50":0,"51":1,"52":0,"53":0,"54":0,"55":1,"56":1,"57":1,"58":0,"59":0,"60":0,"61":0,"62":0,"63":0,"64":0,"65":0,"66":0,"67":0,"68":0,"69":0,"70":0,"71":0,"72":0,"73":0,"74":0,"75":0,"76":0,"77":0,"78":0,"79":0,"80":0,"81":0,"82":0,"83":1,"84":0,"85":0,"86":0,"87":0,"88":0,"89":0,"90":0,"91":0,"92":0,"93":0,"94":0},"f":{"0":1,"1":0,"2":0,"3":0,"4":0,"5":0,"6":0,"7":0,"8":0,"9":0,"10":0,"11":0,"12":0,"13":0,"14":0,"15":0,"16":0,"17":0,"18":0,"19":0,"20":0,"21":0},"b":{"0":[0,0],"1":[0,0],"2":[0,0],"3":[0,0],"4":[0,0],"5":[0,0],"6":[0,0],"7":[0,0],"8":[0,0],"9":[1,0],"10":[1,0],"11":[1,0],"12":[0,1],"13":[0,1],"14":[0,1],"15":[1,1],"16":[0,1],"17":[0,1],"18":[0,1],"19":[0,1],"20":[1,0],"21":[0,0],"22":[0,0],"23":[0,0],"24":[0,0],"25":[0,0],"26":[0,0],"27":[0,0],"28":[0,0],"29":[1,0],"30":[0,0],"31":[0,0],"32":[0,0,0]},"meta":{"lastBranch":33,"lastFunction":22,"lastStatement":95,"seen":{"s:6:6:306:Infinity":0,"f:6:6:6:26":0,"s:7:20:7:Infinity":1,"s:10:21:10:Infinity":2,"s:11:22:11:Infinity":3,"s:12:24:12:Infinity":4,"s:13:23:13:Infinity":5,"s:14:20:14:Infinity":6,"s:17:19:17:Infinity":7,"s:18:20:18:Infinity":8,"s:21:20:21:Infinity":9,"s:22:18:22:Infinity":10,"s:25:8:27:Infinity":11,"f:25:26:25:38":1,"b:26:4:26:Infinity:undefined:undefined:undefined:undefined":0,"s:26:4:26:Infinity":12,"s:26:34:26:Infinity":13,"s:29:58:33:Infinity":14,"s:35:33:75:Infinity":15,"f:35:33:35:40":2,"s:36:4:36:Infinity":16,"b:37:4:40:Infinity:undefined:undefined:undefined:undefined":1,"s:37:4:40:Infinity":17,"s:38:6:38:Infinity":18,"s:39:6:39:Infinity":19,"s:41:4:41:Infinity":20,"s:42:4:42:Infinity":21,"s:43:21:43:Infinity":22,"s:44:4:44:Infinity":23,"s:45:4:45:Infinity":24,"s:46:4:46:Infinity":25,"s:47:4:47:Infinity":26,"s:48:4:48:Infinity":27,"s:50:4:74:Infinity":28,"s:51:18:53:Infinity":29,"s:54:6:54:Infinity":30,"s:56:6:56:Infinity":31,"s:57:6:57:Infinity":32,"s:58:6:58:Infinity":33,"s:59:6:59:Infinity":34,"s:60:6:60:Infinity":35,"s:62:6:62:Infinity":36,"s:63:21:63:Infinity":37,"b:64:6:70:Infinity:undefined:undefined:undefined:undefined":2,"s:64:6:70:Infinity":38,"b:65:8:69:Infinity:67:15:69:Infinity":3,"s:65:8:69:Infinity":39,"s:66:10:66:Infinity":40,"f:66:46:66:50":3,"s:66:55:66:85":41,"s:68:10:68:Infinity":42,"s:71:6:71:Infinity":43,"s:73:6:73:Infinity":44,"s:78:8:80:Infinity":45,"f:78:25:78:37":4,"b:79:4:79:Infinity:undefined:undefined:undefined:undefined":4,"s:79:4:79:Infinity":46,"s:79:34:79:Infinity":47,"s:82:8:84:Infinity":48,"f:82:21:82:33":5,"s:83:4:83:Infinity":49,"f:83:4:83:17":6,"s:83:25:83:52":50,"s:86:8:88:Infinity":51,"f:86:8:86:21":7,"s:87:4:87:Infinity":52,"f:87:4:87:17":8,"s:87:25:87:58":53,"f:87:30:87:37":9,"s:87:42:87:57":54,"s:90:57:94:Infinity":55,"s:96:53:99:Infinity":56,"s:101:27:134:Infinity":57,"f:101:27:101:39":10,"b:102:4:102:Infinity:undefined:undefined:undefined:undefined":5,"s:102:4:102:Infinity":58,"s:102:19:102:Infinity":59,"b:103:4:106:Infinity:undefined:undefined:undefined:undefined":6,"s:103:4:106:Infinity":60,"s:104:6:104:Infinity":61,"s:105:6:105:Infinity":62,"s:107:4:107:Infinity":63,"s:108:4:108:Infinity":64,"s:109:21:109:Infinity":65,"s:110:4:110:Infinity":66,"s:111:4:111:Infinity":67,"f:111:14:111:22":11,"s:111:29:111:62":68,"s:113:4:133:Infinity":69,"s:114:18:116:Infinity":70,"s:117:6:117:Infinity":71,"s:118:6:118:Infinity":72,"s:119:6:119:Infinity":73,"s:121:6:121:Infinity":74,"s:122:21:122:Infinity":75,"b:123:6:129:Infinity:undefined:undefined:undefined:undefined":7,"s:123:6:129:Infinity":76,"b:124:8:128:Infinity:126:15:128:Infinity":8,"s:124:8:128:Infinity":77,"s:125:10:125:Infinity":78,"f:125:46:125:50":12,"s:125:55:125:85":79,"s:127:10:127:Infinity":80,"s:130:6:130:Infinity":81,"s:132:6:132:Infinity":82,"s:136:2:304:Infinity":83,"f:143:10:143:25":13,"s:143:27:143:55":84,"s:143:55:143:73":85,"b:144:91:144:114:144:114:144:140":9,"b:144:181:144:187:144:187:144:192":10,"b:144:275:144:308:144:308:144:333":11,"f:149:10:149:25":14,"s:149:27:149:49":86,"s:149:49:149:67":87,"b:150:85:150:108:150:108:150:134":12,"b:150:169:150:175:150:175:150:180":13,"b:150:257:150:290:150:290:150:315":14,"b:156:7:156:Infinity:157:8:207:Infinity":15,"f:161:61:161:71":15,"s:161:76:161:107":88,"f:165:62:165:72":16,"s:165:77:165:109":89,"f:169:64:169:74":17,"s:169:79:169:113":90,"f:173:77:173:87":18,"s:173:92:173:125":91,"b:182:17:188:18:188:17:194:Infinity":16,"b:202:44:202:50:202:50:202:53":17,"b:202:73:202:89:202:89:202:99":18,"b:204:27:204:44:204:44:204:Infinity":19,"b:210:7:210:Infinity:211:8:276:Infinity":20,"b:221:18:227:19:227:18:233:Infinity":21,"b:252:11:252:Infinity:253:12:263:Infinity":22,"f:256:27:256:32":19,"s:257:18:260:Infinity":92,"f:259:28:259:43":20,"s:259:43:259:64":93,"b:269:24:269:37:269:37:269:Infinity":23,"b:271:59:271:65:271:65:271:68":24,"b:271:33:271:46:271:46:271:59":25,"b:271:103:271:119:271:119:271:129":26,"b:271:77:271:90:271:90:271:103":27,"b:273:27:273:52:273:52:273:Infinity":28,"b:280:7:280:Infinity:281:8:302:Infinity":29,"b:283:11:283:Infinity:284:12:287:Infinity":30,"b:286:15:286:42:286:42:287:Infinity":31,"b:289:11:289:29:289:29:289:Infinity:290:12:300:Infinity":32,"f:293:32:293:37":21,"s:294:18:297:Infinity":94},"fnNames":{}}}
,"C:\\Users\\cvaru\\OneDrive\\Desktop\\auraaaaa\\frontend\\src\\pages\\ClaimDetail.jsx": {"path":"C:\\Users\\cvaru\\OneDrive\\Desktop\\auraaaaa\\frontend\\src\\pages\\ClaimDetail.jsx","statementMap":{"0":{"start":{"line":10,"column":6},"end":{"line":381,"column":null}},"1":{"start":{"line":11,"column":10},"end":{"line":11,"column":null}},"2":{"start":{"line":12,"column":8},"end":{"line":12,"column":null}},"3":{"start":{"line":13,"column":16},"end":{"line":13,"column":null}},"4":{"start":{"line":14,"column":18},"end":{"line":14,"column":null}},"5":{"start":{"line":15,"column":23},"end":{"line":15,"column":null}},"6":{"start":{"line":16,"column":25},"end":{"line":16,"column":null}},"7":{"start":{"line":17,"column":18},"end":{"line":17,"column":null}},"8":{"start":{"line":18,"column":20},"end":{"line":18,"column":null}},"9":{"start":{"line":19,"column":18},"end":{"line":19,"column":null}},"10":{"start":{"line":20,"column":16},"end":{"line":20,"column":null}},"11":{"start":{"line":21,"column":19},"end":{"line":21,"column":null}},"12":{"start":{"line":23,"column":24},"end":{"line":23,"column":null}},"13":{"start":{"line":25,"column":2},"end":{"line":102,"column":null}},"14":{"start":{"line":27,"column":4},"end":{"line":30,"column":null}},"15":{"start":{"line":28,"column":6},"end":{"line":28,"column":null}},"16":{"start":{"line":29,"column":6},"end":{"line":29,"column":null}},"17":{"start":{"line":34,"column":21},"end":{"line":95,"column":null}},"18":{"start":{"line":35,"column":6},"end":{"line":94,"column":null}},"19":{"start":{"line":36,"column":42},"end":{"line":41,"column":null}},"20":{"start":{"line":43,"column":26},"end":{"line":43,"column":null}},"21":{"start":{"line":44,"column":8},"end":{"line":44,"column":null}},"22":{"start":{"line":45,"column":8},"end":{"line":45,"column":null}},"23":{"start":{"line":46,"column":8},"end":{"line":46,"column":null}},"24":{"start":{"line":47,"column":8},"end":{"line":47,"column":null}},"25":{"start":{"line":50,"column":34},"end":{"line":50,"column":null}},"26":{"start":{"line":52,"column":24},"end":{"line":52,"column":null}},"27":{"start":{"line":53,"column":8},"end":{"line":57,"column":null}},"28":{"start":{"line":54,"column":10},"end":{"line":56,"column":null}},"29":{"start":{"line":55,"column":25},"end":{"line":55,"column":51}},"30":{"start":{"line":56,"column":25},"end":{"line":56,"column":110}},"31":{"start":{"line":58,"column":8},"end":{"line":58,"column":null}},"32":{"start":{"line":60,"column":24},"end":{"line":60,"column":null}},"33":{"start":{"line":61,"column":8},"end":{"line":71,"column":null}},"34":{"start":{"line":62,"column":10},"end":{"line":70,"column":null}},"35":{"start":{"line":63,"column":25},"end":{"line":63,"column":50}},"36":{"start":{"line":65,"column":14},"end":{"line":69,"column":null}},"37":{"start":{"line":66,"column":16},"end":{"line":66,"column":null}},"38":{"start":{"line":68,"column":16},"end":{"line":68,"column":null}},"39":{"start":{"line":72,"column":8},"end":{"line":72,"column":null}},"40":{"start":{"line":74,"column":8},"end":{"line":74,"column":null}},"41":{"start":{"line":77,"column":8},"end":{"line":83,"column":null}},"42":{"start":{"line":78,"column":10},"end":{"line":80,"column":null}},"43":{"start":{"line":79,"column":12},"end":{"line":79,"column":null}},"44":{"start":{"line":81,"column":15},"end":{"line":83,"column":null}},"45":{"start":{"line":82,"column":10},"end":{"line":82,"column":null}},"46":{"start":{"line":86,"column":8},"end":{"line":86,"column":null}},"47":{"start":{"line":87,"column":8},"end":{"line":91,"column":null}},"48":{"start":{"line":88,"column":10},"end":{"line":88,"column":null}},"49":{"start":{"line":90,"column":10},"end":{"line":90,"column":null}},"50":{"start":{"line":93,"column":8},"end":{"line":93,"column":null}},"51":{"start":{"line":97,"column":4},"end":{"line":97,"column":null}},"52":{"start":{"line":99,"column":4},"end":{"line":101,"column":null}},"53":{"start":{"line":100,"column":6},"end":{"line":100,"column":null}},"54":{"start":{"line":100,"column":24},"end":{"line":100,"column":null}},"55":{"start":{"line":104,"column":2},"end":{"line":104,"column":null}},"56":{"start":{"line":104,"column":15},"end":{"line":104,"column":null}},"57":{"start":{"line":105,"column":2},"end":{"line":105,"column":null}},"58":{"start":{"line":105,"column":16},"end":{"line":105,"column":null}},"59":{"start":{"line":106,"column":2},"end":{"line":106,"column":null}},"60":{"start":{"line":106,"column":13},"end":{"line":106,"column":null}},"61":{"start":{"line":107,"column":2},"end":{"line":107,"column":null}},"62":{"start":{"line":107,"column":49},"end":{"line":107,"column":null}},"63":{"start":{"line":109,"column":19},"end":{"line":116,"column":null}},"64":{"start":{"line":116,"column":17},"end":{"line":116,"column":34}},"65":{"start":{"line":118,"column":27},"end":{"line":128,"column":null}},"66":{"start":{"line":119,"column":4},"end":{"line":127,"column":null}},"67":{"start":{"line":121,"column":6},"end":{"line":121,"column":null}},"68":{"start":{"line":123,"column":6},"end":{"line":123,"column":null}},"69":{"start":{"line":125,"column":6},"end":{"line":125,"column":null}},"70":{"start":{"line":126,"column":6},"end":{"line":126,"column":null}},"71":{"start":{"line":130,"column":2},"end":{"line":379,"column":null}},"72":{"start":{"line":182,"column":24},"end":{"line":194,"column":null}},"73":{"start":{"line":183,"column":39},"end":{"line":183,"column":null}},"74":{"start":{"line":184,"column":26},"end":{"line":192,"column":null}},"75":{"start":{"line":195,"column":24},"end":{"line":195,"column":null}},"76":{"start":{"line":200,"column":24},"end":{"line":200,"column":null}},"77":{"start":{"line":219,"column":18},"end":{"line":226,"column":null}},"78":{"start":{"line":221,"column":35},"end":{"line":221,"column":null}},"79":{"start":{"line":234,"column":18},"end":{"line":245,"column":null}},"80":{"start":{"line":305,"column":18},"end":{"line":311,"column":null}}},"fnMap":{"0":{"name":"(anonymous_0)","decl":{"start":{"line":10,"column":6},"end":{"line":10,"column":26}},"loc":{"start":{"line":10,"column":26},"end":{"line":381,"column":null}},"line":10},"1":{"name":"(anonymous_1)","decl":{"start":{"line":25,"column":2},"end":{"line":25,"column":18}},"loc":{"start":{"line":25,"column":18},"end":{"line":102,"column":5}},"line":25},"2":{"name":"(anonymous_2)","decl":{"start":{"line":34,"column":21},"end":{"line":34,"column":33}},"loc":{"start":{"line":34,"column":33},"end":{"line":95,"column":null}},"line":34},"3":{"name":"(anonymous_3)","decl":{"start":{"line":55,"column":13},"end":{"line":55,"column":18}},"loc":{"start":{"line":55,"column":25},"end":{"line":55,"column":51}},"line":55},"4":{"name":"(anonymous_4)","decl":{"start":{"line":56,"column":13},"end":{"line":56,"column":25}},"loc":{"start":{"line":56,"column":25},"end":{"line":56,"column":110}},"line":56},"5":{"name":"(anonymous_5)","decl":{"start":{"line":63,"column":13},"end":{"line":63,"column":18}},"loc":{"start":{"line":63,"column":25},"end":{"line":63,"column":50}},"line":63},"6":{"name":"(anonymous_6)","decl":{"start":{"line":64,"column":13},"end":{"line":64,"column":19}},"loc":{"start":{"line":64,"column":26},"end":{"line":70,"column":13}},"line":64},"7":{"name":"(anonymous_7)","decl":{"start":{"line":99,"column":4},"end":{"line":99,"column":17}},"loc":{"start":{"line":99,"column":17},"end":{"line":101,"column":null}},"line":99},"8":{"name":"(anonymous_8)","decl":{"start":{"line":116,"column":2},"end":{"line":116,"column":8}},"loc":{"start":{"line":116,"column":17},"end":{"line":116,"column":34}},"line":116},"9":{"name":"(anonymous_9)","decl":{"start":{"line":118,"column":27},"end":{"line":118,"column":39}},"loc":{"start":{"line":118,"column":39},"end":{"line":128,"column":null}},"line":118},"10":{"name":"(anonymous_10)","decl":{"start":{"line":181,"column":22},"end":{"line":181,"column":32}},"loc":{"start":{"line":181,"column":56},"end":{"line":196,"column":null}},"line":181},"11":{"name":"(anonymous_11)","decl":{"start":{"line":199,"column":32},"end":{"line":199,"column":37}},"loc":{"start":{"line":200,"column":24},"end":{"line":200,"column":null}},"line":200},"12":{"name":"(anonymous_12)","decl":{"start":{"line":218,"column":49},"end":{"line":218,"column":53}},"loc":{"start":{"line":219,"column":18},"end":{"line":226,"column":null}},"line":219},"13":{"name":"(anonymous_13)","decl":{"start":{"line":221,"column":20},"end":{"line":221,"column":35}},"loc":{"start":{"line":221,"column":35},"end":{"line":221,"column":null}},"line":221},"14":{"name":"(anonymous_14)","decl":{"start":{"line":233,"column":36},"end":{"line":233,"column":41}},"loc":{"start":{"line":234,"column":18},"end":{"line":245,"column":null}},"line":234},"15":{"name":"(anonymous_15)","decl":{"start":{"line":304,"column":32},"end":{"line":304,"column":37}},"loc":{"start":{"line":305,"column":18},"end":{"line":311,"column":null}},"line":305}},"branchMap":{"0":{"loc":{"start":{"line":27,"column":4},"end":{"line":30,"column":null}},"type":"if","locations":[{"start":{"line":27,"column":4},"end":{"line":30,"column":null}},{"start":{},"end":{}}],"line":27},"1":{"loc":{"start":{"line":27,"column":8},"end":{"line":27,"column":53}},"type":"binary-expr","locations":[{"start":{"line":27,"column":8},"end":{"line":27,"column":15}},{"start":{"line":27,"column":15},"end":{"line":27,"column":36}},{"start":{"line":27,"column":36},"end":{"line":27,"column":53}}],"line":27},"2":{"loc":{"start":{"line":53,"column":8},"end":{"line":57,"column":null}},"type":"if","locations":[{"start":{"line":53,"column":8},"end":{"line":57,"column":null}},{"start":{},"end":{}}],"line":53},"3":{"loc":{"start":{"line":53,"column":12},"end":{"line":53,"column":113}},"type":"binary-expr","locations":[{"start":{"line":53,"column":12},"end":{"line":53,"column":49}},{"start":{"line":53,"column":49},"end":{"line":53,"column":87}},{"start":{"line":53,"column":87},"end":{"line":53,"column":113}}],"line":53},"4":{"loc":{"start":{"line":54,"column":114},"end":{"line":54,"column":143}},"type":"binary-expr","locations":[{"start":{"line":54,"column":114},"end":{"line":54,"column":140}},{"start":{"line":54,"column":140},"end":{"line":54,"column":143}}],"line":54},"5":{"loc":{"start":{"line":54,"column":160},"end":{"line":54,"column":190}},"type":"binary-expr","locations":[{"start":{"line":54,"column":160},"end":{"line":54,"column":187}},{"start":{"line":54,"column":187},"end":{"line":54,"column":190}}],"line":54},"6":{"loc":{"start":{"line":61,"column":8},"end":{"line":71,"column":null}},"type":"if","locations":[{"start":{"line":61,"column":8},"end":{"line":71,"column":null}},{"start":{},"end":{}}],"line":61},"7":{"loc":{"start":{"line":65,"column":14},"end":{"line":69,"column":null}},"type":"if","locations":[{"start":{"line":65,"column":14},"end":{"line":69,"column":null}},{"start":{"line":67,"column":21},"end":{"line":69,"column":null}}],"line":65},"8":{"loc":{"start":{"line":65,"column":18},"end":{"line":65,"column":63}},"type":"binary-expr","locations":[{"start":{"line":65,"column":18},"end":{"line":65,"column":34}},{"start":{"line":65,"column":34},"end":{"line":65,"column":63}}],"line":65},"9":{"loc":{"start":{"line":77,"column":8},"end":{"line":83,"column":null}},"type":"if","locations":[{"start":{"line":77,"column":8},"end":{"line":83,"column":null}},{"start":{"line":81,"column":15},"end":{"line":83,"column":null}}],"line":77},"10":{"loc":{"start":{"line":77,"column":12},"end":{"line":77,"column":85}},"type":"binary-expr","locations":[{"start":{"line":77,"column":12},"end":{"line":77,"column":49}},{"start":{"line":77,"column":49},"end":{"line":77,"column":85}}],"line":77},"11":{"loc":{"start":{"line":78,"column":10},"end":{"line":80,"column":null}},"type":"if","locations":[{"start":{"line":78,"column":10},"end":{"line":80,"column":null}},{"start":{},"end":{}}],"line":78},"12":{"loc":{"start":{"line":81,"column":15},"end":{"line":83,"column":null}},"type":"if","locations":[{"start":{"line":81,"column":15},"end":{"line":83,"column":null}},{"start":{},"end":{}}],"line":81},"13":{"loc":{"start":{"line":87,"column":8},"end":{"line":91,"column":null}},"type":"if","locations":[{"start":{"line":87,"column":8},"end":{"line":91,"column":null}},{"start":{"line":89,"column":15},"end":{"line":91,"column":null}}],"line":87},"14":{"loc":{"start":{"line":87,"column":12},"end":{"line":87,"column":57}},"type":"binary-expr","locations":[{"start":{"line":87,"column":12},"end":{"line":87,"column":28}},{"start":{"line":87,"column":28},"end":{"line":87,"column":57}}],"line":87},"15":{"loc":{"start":{"line":90,"column":19},"end":{"line":90,"column":78}},"type":"binary-expr","locations":[{"start":{"line":90,"column":19},"end":{"line":90,"column":34}},{"start":{"line":90,"column":34},"end":{"line":90,"column":78}}],"line":90},"16":{"loc":{"start":{"line":100,"column":6},"end":{"line":100,"column":null}},"type":"if","locations":[{"start":{"line":100,"column":6},"end":{"line":100,"column":null}},{"start":{},"end":{}}],"line":100},"17":{"loc":{"start":{"line":104,"column":2},"end":{"line":104,"column":null}},"type":"if","locations":[{"start":{"line":104,"column":2},"end":{"line":104,"column":null}},{"start":{},"end":{}}],"line":104},"18":{"loc":{"start":{"line":105,"column":2},"end":{"line":105,"column":null}},"type":"if","locations":[{"start":{"line":105,"column":2},"end":{"line":105,"column":null}},{"start":{},"end":{}}],"line":105},"19":{"loc":{"start":{"line":106,"column":2},"end":{"line":106,"column":null}},"type":"if","locations":[{"start":{"line":106,"column":2},"end":{"line":106,"column":null}},{"start":{},"end":{}}],"line":106},"20":{"loc":{"start":{"line":107,"column":2},"end":{"line":107,"column":null}},"type":"if","locations":[{"start":{"line":107,"column":2},"end":{"line":107,"column":null}},{"start":{},"end":{}}],"line":107},"21":{"loc":{"start":{"line":107,"column":6},"end":{"line":107,"column":49}},"type":"binary-expr","locations":[{"start":{"line":107,"column":6},"end":{"line":107,"column":16}},{"start":{"line":107,"column":16},"end":{"line":107,"column":49}}],"line":107},"22":{"loc":{"start":{"line":109,"column":19},"end":{"line":116,"column":null}},"type":"cond-expr","locations":[{"start":{"line":109,"column":70},"end":{"line":116,"column":38}},{"start":{"line":116,"column":38},"end":{"line":116,"column":null}}],"line":109},"23":{"loc":{"start":{"line":109,"column":19},"end":{"line":109,"column":70}},"type":"binary-expr","locations":[{"start":{"line":109,"column":19},"end":{"line":109,"column":30}},{"start":{"line":109,"column":30},"end":{"line":109,"column":52}},{"start":{"line":109,"column":52},"end":{"line":109,"column":70}}],"line":109},"24":{"loc":{"start":{"line":110,"column":28},"end":{"line":110,"column":65}},"type":"binary-expr","locations":[{"start":{"line":110,"column":28},"end":{"line":110,"column":62}},{"start":{"line":110,"column":62},"end":{"line":110,"column":65}}],"line":110},"25":{"loc":{"start":{"line":110,"column":73},"end":{"line":110,"column":101}},"type":"binary-expr","locations":[{"start":{"line":110,"column":73},"end":{"line":110,"column":98}},{"start":{"line":110,"column":98},"end":{"line":110,"column":101}}],"line":110},"26":{"loc":{"start":{"line":110,"column":109},"end":{"line":110,"column":149}},"type":"binary-expr","locations":[{"start":{"line":110,"column":109},"end":{"line":110,"column":143}},{"start":{"line":110,"column":143},"end":{"line":110,"column":149}}],"line":110},"27":{"loc":{"start":{"line":110,"column":149},"end":{"line":110,"column":177}},"type":"binary-expr","locations":[{"start":{"line":110,"column":149},"end":{"line":110,"column":174}},{"start":{"line":110,"column":174},"end":{"line":110,"column":177}}],"line":110},"28":{"loc":{"start":{"line":111,"column":30},"end":{"line":111,"column":69}},"type":"binary-expr","locations":[{"start":{"line":111,"column":30},"end":{"line":111,"column":66}},{"start":{"line":111,"column":66},"end":{"line":111,"column":69}}],"line":111},"29":{"loc":{"start":{"line":111,"column":77},"end":{"line":111,"column":107}},"type":"binary-expr","locations":[{"start":{"line":111,"column":77},"end":{"line":111,"column":104}},{"start":{"line":111,"column":104},"end":{"line":111,"column":107}}],"line":111},"30":{"loc":{"start":{"line":111,"column":115},"end":{"line":111,"column":157}},"type":"binary-expr","locations":[{"start":{"line":111,"column":115},"end":{"line":111,"column":151}},{"start":{"line":111,"column":151},"end":{"line":111,"column":157}}],"line":111},"31":{"loc":{"start":{"line":111,"column":157},"end":{"line":111,"column":187}},"type":"binary-expr","locations":[{"start":{"line":111,"column":157},"end":{"line":111,"column":184}},{"start":{"line":111,"column":184},"end":{"line":111,"column":187}}],"line":111},"32":{"loc":{"start":{"line":112,"column":32},"end":{"line":112,"column":73}},"type":"binary-expr","locations":[{"start":{"line":112,"column":32},"end":{"line":112,"column":70}},{"start":{"line":112,"column":70},"end":{"line":112,"column":73}}],"line":112},"33":{"loc":{"start":{"line":112,"column":81},"end":{"line":112,"column":113}},"type":"binary-expr","locations":[{"start":{"line":112,"column":81},"end":{"line":112,"column":110}},{"start":{"line":112,"column":110},"end":{"line":112,"column":113}}],"line":112},"34":{"loc":{"start":{"line":112,"column":121},"end":{"line":112,"column":165}},"type":"binary-expr","locations":[{"start":{"line":112,"column":121},"end":{"line":112,"column":159}},{"start":{"line":112,"column":159},"end":{"line":112,"column":165}}],"line":112},"35":{"loc":{"start":{"line":112,"column":165},"end":{"line":112,"column":197}},"type":"binary-expr","locations":[{"start":{"line":112,"column":165},"end":{"line":112,"column":194}},{"start":{"line":112,"column":194},"end":{"line":112,"column":197}}],"line":112},"36":{"loc":{"start":{"line":113,"column":28},"end":{"line":113,"column":65}},"type":"binary-expr","locations":[{"start":{"line":113,"column":28},"end":{"line":113,"column":62}},{"start":{"line":113,"column":62},"end":{"line":113,"column":65}}],"line":113},"37":{"loc":{"start":{"line":113,"column":73},"end":{"line":113,"column":101}},"type":"binary-expr","locations":[{"start":{"line":113,"column":73},"end":{"line":113,"column":98}},{"start":{"line":113,"column":98},"end":{"line":113,"column":101}}],"line":113},"38":{"loc":{"start":{"line":113,"column":109},"end":{"line":113,"column":149}},"type":"binary-expr","locations":[{"start":{"line":113,"column":109},"end":{"line":113,"column":143}},{"start":{"line":113,"column":143},"end":{"line":113,"column":149}}],"line":113},"39":{"loc":{"start":{"line":113,"column":149},"end":{"line":113,"column":177}},"type":"binary-expr","locations":[{"start":{"line":113,"column":149},"end":{"line":113,"column":174}},{"start":{"line":113,"column":174},"end":{"line":113,"column":177}}],"line":113},"40":{"loc":{"start":{"line":114,"column":27},"end":{"line":114,"column":63}},"type":"binary-expr","locations":[{"start":{"line":114,"column":27},"end":{"line":114,"column":60}},{"start":{"line":114,"column":60},"end":{"line":114,"column":63}}],"line":114},"41":{"loc":{"start":{"line":114,"column":71},"end":{"line":114,"column":98}},"type":"binary-expr","locations":[{"start":{"line":114,"column":71},"end":{"line":114,"column":95}},{"start":{"line":114,"column":95},"end":{"line":114,"column":98}}],"line":114},"42":{"loc":{"start":{"line":114,"column":106},"end":{"line":114,"column":145}},"type":"binary-expr","locations":[{"start":{"line":114,"column":106},"end":{"line":114,"column":139}},{"start":{"line":114,"column":139},"end":{"line":114,"column":145}}],"line":114},"43":{"loc":{"start":{"line":114,"column":145},"end":{"line":114,"column":172}},"type":"binary-expr","locations":[{"start":{"line":114,"column":145},"end":{"line":114,"column":169}},{"start":{"line":114,"column":169},"end":{"line":114,"column":172}}],"line":114},"44":{"loc":{"start":{"line":115,"column":31},"end":{"line":115,"column":71}},"type":"binary-expr","locations":[{"start":{"line":115,"column":31},"end":{"line":115,"column":68}},{"start":{"line":115,"column":68},"end":{"line":115,"column":71}}],"line":115},"45":{"loc":{"start":{"line":115,"column":79},"end":{"line":115,"column":110}},"type":"binary-expr","locations":[{"start":{"line":115,"column":79},"end":{"line":115,"column":107}},{"start":{"line":115,"column":107},"end":{"line":115,"column":110}}],"line":115},"46":{"loc":{"start":{"line":115,"column":118},"end":{"line":115,"column":161}},"type":"binary-expr","locations":[{"start":{"line":115,"column":118},"end":{"line":115,"column":155}},{"start":{"line":115,"column":155},"end":{"line":115,"column":161}}],"line":115},"47":{"loc":{"start":{"line":115,"column":161},"end":{"line":115,"column":192}},"type":"binary-expr","locations":[{"start":{"line":115,"column":161},"end":{"line":115,"column":189}},{"start":{"line":115,"column":189},"end":{"line":115,"column":192}}],"line":115},"48":{"loc":{"start":{"line":139,"column":82},"end":{"line":139,"column":127}},"type":"binary-expr","locations":[{"start":{"line":139,"column":82},"end":{"line":139,"column":103}},{"start":{"line":139,"column":103},"end":{"line":139,"column":127}}],"line":139},"49":{"loc":{"start":{"line":140,"column":83},"end":{"line":140,"column":129}},"type":"binary-expr","locations":[{"start":{"line":140,"column":83},"end":{"line":140,"column":105}},{"start":{"line":140,"column":105},"end":{"line":140,"column":129}}],"line":140},"50":{"loc":{"start":{"line":145,"column":41},"end":{"line":145,"column":139}},"type":"cond-expr","locations":[{"start":{"line":145,"column":78},"end":{"line":145,"column":87}},{"start":{"line":145,"column":87},"end":{"line":145,"column":139}}],"line":145},"51":{"loc":{"start":{"line":145,"column":87},"end":{"line":145,"column":139}},"type":"cond-expr","locations":[{"start":{"line":145,"column":119},"end":{"line":145,"column":130}},{"start":{"line":145,"column":130},"end":{"line":145,"column":139}}],"line":145},"52":{"loc":{"start":{"line":165,"column":15},"end":{"line":170,"column":null}},"type":"binary-expr","locations":[{"start":{"line":165,"column":15},"end":{"line":165,"column":null}},{"start":{"line":166,"column":16},"end":{"line":170,"column":null}}],"line":165},"53":{"loc":{"start":{"line":166,"column":46},"end":{"line":166,"column":null}},"type":"cond-expr","locations":[{"start":{"line":166,"column":77},"end":{"line":166,"column":86}},{"start":{"line":166,"column":86},"end":{"line":166,"column":null}}],"line":166},"54":{"loc":{"start":{"line":166,"column":86},"end":{"line":166,"column":null}},"type":"cond-expr","locations":[{"start":{"line":166,"column":119},"end":{"line":166,"column":130}},{"start":{"line":166,"column":130},"end":{"line":166,"column":null}}],"line":166},"55":{"loc":{"start":{"line":172,"column":13},"end":{"line":209,"column":null}},"type":"cond-expr","locations":[{"start":{"line":173,"column":14},"end":{"line":207,"column":15}},{"start":{"line":207,"column":14},"end":{"line":209,"column":null}}],"line":172},"56":{"loc":{"start":{"line":182,"column":24},"end":{"line":194,"column":null}},"type":"if","locations":[{"start":{"line":182,"column":24},"end":{"line":194,"column":null}},{"start":{},"end":{}}],"line":182},"57":{"loc":{"start":{"line":182,"column":28},"end":{"line":182,"column":65}},"type":"binary-expr","locations":[{"start":{"line":182,"column":28},"end":{"line":182,"column":38}},{"start":{"line":182,"column":38},"end":{"line":182,"column":49}},{"start":{"line":182,"column":49},"end":{"line":182,"column":65}}],"line":182},"58":{"loc":{"start":{"line":200,"column":58},"end":{"line":200,"column":168}},"type":"cond-expr","locations":[{"start":{"line":200,"column":78},"end":{"line":200,"column":101}},{"start":{"line":200,"column":101},"end":{"line":200,"column":168}}],"line":200},"59":{"loc":{"start":{"line":200,"column":101},"end":{"line":200,"column":168}},"type":"cond-expr","locations":[{"start":{"line":200,"column":121},"end":{"line":200,"column":145}},{"start":{"line":200,"column":145},"end":{"line":200,"column":168}}],"line":200},"60":{"loc":{"start":{"line":223,"column":27},"end":{"line":223,"column":null}},"type":"cond-expr","locations":[{"start":{"line":223,"column":45},"end":{"line":223,"column":202}},{"start":{"line":223,"column":202},"end":{"line":223,"column":null}}],"line":223},"61":{"loc":{"start":{"line":231,"column":13},"end":{"line":253,"column":null}},"typ
[...]
line":184,"column":null}},"type":"cond-expr","locations":[{"start":{"line":184,"column":44},"end":{"line":184,"column":63}},{"start":{"line":184,"column":63},"end":{"line":184,"column":null}}],"line":184},"29":{"loc":{"start":{"line":198,"column":33},"end":{"line":198,"column":null}},"type":"cond-expr","locations":[{"start":{"line":198,"column":53},"end":{"line":198,"column":100}},{"start":{"line":198,"column":100},"end":{"line":198,"column":null}}],"line":198},"30":{"loc":{"start":{"line":202,"column":41},"end":{"line":202,"column":null}},"type":"cond-expr","locations":[{"start":{"line":202,"column":75},"end":{"line":202,"column":135}},{"start":{"line":202,"column":135},"end":{"line":202,"column":null}}],"line":202},"31":{"loc":{"start":{"line":211,"column":9},"end":{"line":216,"column":null}},"type":"binary-expr","locations":[{"start":{"line":211,"column":9},"end":{"line":211,"column":38}},{"start":{"line":211,"column":38},"end":{"line":211,"column":null}},{"start":{"line":212,"column":10},"end":{"line":216,"column":null}}],"line":211},"32":{"loc":{"start":{"line":219,"column":7},"end":{"line":260,"column":null}},"type":"binary-expr","locations":[{"start":{"line":219,"column":7},"end":{"line":219,"column":null}},{"start":{"line":220,"column":8},"end":{"line":260,"column":null}}],"line":219},"33":{"loc":{"start":{"line":237,"column":51},"end":{"line":237,"column":135}},"type":"cond-expr","locations":[{"start":{"line":237,"column":79},"end":{"line":237,"column":87}},{"start":{"line":237,"column":87},"end":{"line":237,"column":135}}],"line":237},"34":{"loc":{"start":{"line":237,"column":87},"end":{"line":237,"column":135}},"type":"cond-expr","locations":[{"start":{"line":237,"column":118},"end":{"line":237,"column":129}},{"start":{"line":237,"column":129},"end":{"line":237,"column":135}}],"line":237},"35":{"loc":{"start":{"line":237,"column":142},"end":{"line":237,"column":null}},"type":"cond-expr","locations":[{"start":{"line":237,"column":202},"end":{"line":237,"column":320}},{"start":{"line":237,"column":320},"end":{"line":237,"column":null}}],"line":237},"36":{"loc":{"start":{"line":237,"column":142},"end":{"line":237,"column":202}},"type":"binary-expr","locations":[{"start":{"line":237,"column":142},"end":{"line":237,"column":171}},{"start":{"line":237,"column":171},"end":{"line":237,"column":202}}],"line":237},"37":{"loc":{"start":{"line":245,"column":21},"end":{"line":250,"column":27}},"type":"binary-expr","locations":[{"start":{"line":245,"column":21},"end":{"line":245,"column":null}},{"start":{"line":246,"column":22},"end":{"line":250,"column":27}}],"line":245},"38":{"loc":{"start":{"line":250,"column":21},"end":{"line":255,"column":null}},"type":"binary-expr","locations":[{"start":{"line":250,"column":21},"end":{"line":250,"column":null}},{"start":{"line":251,"column":22},"end":{"line":255,"column":null}}],"line":250}},"s":{"0":1,"1":0,"2":0,"3":0,"4":0,"5":0,"6":0,"7":0,"8":0,"9":0,"10":0,"11":0,"12":0,"13":0,"14":0,"15":0,"16":0,"17":0,"18":0,"19":0,"20":0,"21":0,"22":0,"23":0,"24":0,"25":0,"26":0,"27":0,"28":0,"29":0,"30":0,"31":0,"32":0,"33":0,"34":0,"35":0,"36":0,"37":0,"38":0,"39":0,"40":0,"41":0,"42":0,"43":0,"44":0,"45":0,"46":0,"47":0,"48":0,"49":0},"f":{"0":0,"1":0,"2":0,"3":0,"4":0,"5":0,"6":0,"7":0,"8":0,"9":0,"10":0,"11":0},"b":{"0":[0,0],"1":[0,0],"2":[0,0],"3":[0,0],"4":[0,0],"5":[0,0],"6":[0,0],"7":[0,0],"8":[0,0],"9":[0,0],"10":[0,0],"11":[0,0],"12":[0,0],"13":[0,0],"14":[0,0],"15":[0,0],"16":[0,0],"17":[0,0],"18":[0,0],"19":[0,0],"20":[0,0],"21":[0,0,0],"22":[0,0],"23":[0,0],"24":[0,0],"25":[0,0],"26":[0,0],"27":[0,0],"28":[0,0],"29":[0,0],"30":[0,0],"31":[0,0,0],"32":[0,0],"33":[0,0],"34":[0,0],"35":[0,0],"36":[0,0],"37":[0,0],"38":[0,0]},"meta":{"lastBranch":39,"lastFunction":12,"lastStatement":50,"seen":{"s:5:6:264:Infinity":0,"f:5:6:5:35":0,"s:6:23:6:Infinity":1,"s:7:19:7:Infinity":2,"s:8:20:8:Infinity":3,"s:9:18:9:Infinity":4,"s:10:16:10:Infinity":5,"s:12:2:29:Infinity":6,"f:12:2:12:18":1,"s:13:22:26:Infinity":7,"f:13:22:13:34":2,"s:14:6:25:Infinity":8,"s:15:36:18:Infinity":9,"s:19:8:19:Infinity":10,"b:19:24:19:49:19:49:19:51":0,"s:20:8:20:Infinity":11,"b:20:20:20:35:20:35:20:37":1,"s:21:8:21:Infinity":12,"s:23:8:23:Infinity":13,"b:23:17:23:32:23:32:23:60":2,"s:24:8:24:Infinity":14,"s:28:4:28:Infinity":15,"s:31:24:40:Infinity":16,"f:31:24:31:31":3,"b:32:4:32:Infinity:undefined:undefined:undefined:undefined":3,"s:32:4:32:Infinity":17,"s:32:73:32:Infinity":18,"s:33:4:39:Infinity":19,"s:34:6:34:Infinity":20,"s:35:6:35:Infinity":21,"s:36:6:36:Infinity":22,"s:38:6:38:Infinity":23,"b:38:37:38:67:38:67:38:79":4,"s:42:25:51:Infinity":24,"f:42:25:42:32":4,"b:43:4:43:Infinity:undefined:undefined:undefined:undefined":5,"s:43:4:43:Infinity":25,"s:43:77:43:Infinity":26,"s:44:4:50:Infinity":27,"s:45:6:45:Infinity":28,"s:46:6:46:Infinity":29,"s:47:6:47:Infinity":30,"s:49:6:49:Infinity":31,"b:49:38:49:68:49:68:49:80":6,"b:53:2:55:Infinity:undefined:undefined:undefined:undefined":7,"s:53:2:55:Infinity":32,"s:54:4:54:Infinity":33,"b:57:2:64:Infinity:undefined:undefined:undefined:undefined":8,"s:57:2:64:Infinity":34,"s:58:4:62:Infinity":35,"s:66:2:262:Infinity":36,"f:75:12:75:27":5,"s:75:27:75:Infinity":37,"b:77:44:77:134:77:134:77:Infinity":9,"f:82:12:82:27":6,"s:82:27:82:Infinity":38,"b:84:46:84:136:84:136:84:Infinity":10,"b:91:7:91:Infinity:92:8:216:Infinity":11,"f:93:24:93:29":7,"s:94:31:94:Infinity":39,"s:95:34:95:Infinity":40,"s:97:39:97:Infinity":41,"b:97:55:97:79:97:79:97:Infinity":12,"s:98:32:98:Infinity":42,"b:98:48:98:62:98:62:98:Infinity":13,"s:100:37:100:Infinity":43,"b:100:50:100:73:100:73:100:Infinity":14,"b:100:121:100:145:100:145:100:Infinity":15,"s:101:30:101:Infinity":44,"b:101:43:101:59:101:59:101:Infinity":16,"s:103:12:207:Infinity":45,"b:134:95:134:103:134:103:134:115":17,"b:140:101:140:109:140:109:140:121":18,"b:150:38:150:55:150:55:150:57":19,"f:150:59:150:64":8,"s:151:24:156:Infinity":46,"b:154:57:154:76:154:76:154:Infinity":20,"b:158:24:158:42:158:42:158:Infinity:159:24:163:Infinity":21,"b:169:111:169:148:169:148:169:266":22,"b:169:196:169:234:169:234:169:266":23,"b:169:291:169:318:169:318:169:413":24,"b:169:366:169:395:169:395:169:413":25,"b:171:24:189:25:189:24:189:Infinity":26,"b:170:23:170:72:170:72:170:Infinity":27,"b:184:44:184:63:184:63:184:Infinity":28,"b:198:53:198:100:198:100:198:Infinity":29,"b:202:75:202:135:202:135:202:Infinity":30,"b:211:9:211:38:211:38:211:Infinity:212:10:216:Infinity":31,"b:219:7:219:Infinity:220:8:260:Infinity":32,"f:232:24:232:28":9,"s:233:16:256:Infinity":47,"b:237:79:237:87:237:87:237:135":33,"b:237:118:237:129:237:129:237:135":34,"b:237:202:237:320:237:320:237:Infinity":35,"b:237:142:237:171:237:171:237:202":36,"b:245:21:245:Infinity:246:22:250:27":37,"f:246:30:246:45":10,"s:246:45:246:70":48,"b:250:21:250:Infinity:251:22:255:Infinity":38,"f:251:30:251:45":11,"s:251:45:251:71":49},"fnNames":{}}}
,"C:\\Users\\cvaru\\OneDrive\\Desktop\\auraaaaa\\frontend\\src\\pages\\WorkloadDashboard.jsx": {"path":"C:\\Users\\cvaru\\OneDrive\\Desktop\\auraaaaa\\frontend\\src\\pages\\WorkloadDashboard.jsx","statementMap":{"0":{"start":{"line":6,"column":6},"end":{"line":98,"column":null}},"1":{"start":{"line":7,"column":19},"end":{"line":7,"column":null}},"2":{"start":{"line":8,"column":18},"end":{"line":8,"column":null}},"3":{"start":{"line":11,"column":25},"end":{"line":11,"column":null}},"4":{"start":{"line":13,"column":2},"end":{"line":25,"column":null}},"5":{"start":{"line":14,"column":26},"end":{"line":23,"column":null}},"6":{"start":{"line":15,"column":6},"end":{"line":22,"column":null}},"7":{"start":{"line":16,"column":20},"end":{"line":16,"column":null}},"8":{"start":{"line":17,"column":8},"end":{"line":17,"column":null}},"9":{"start":{"line":19,"column":8},"end":{"line":19,"column":null}},"10":{"start":{"line":21,"column":8},"end":{"line":21,"column":null}},"11":{"start":{"line":24,"column":4},"end":{"line":24,"column":null}},"12":{"start":{"line":27,"column":8},"end":{"line":36,"column":null}},"13":{"start":{"line":28,"column":4},"end":{"line":28,"column":null}},"14":{"start":{"line":28,"column":21},"end":{"line":28,"column":null}},"15":{"start":{"line":29,"column":16},"end":{"line":29,"column":null}},"16":{"start":{"line":30,"column":16},"end":{"line":30,"column":null}},"17":{"start":{"line":31,"column":10},"end":{"line":31,"column":null}},"18":{"start":{"line":33,"column":4},"end":{"line":33,"column":null}},"19":{"start":{"line":33,"column":23},"end":{"line":33,"column":null}},"20":{"start":{"line":34,"column":4},"end":{"line":34,"column":null}},"21":{"start":{"line":34,"column":24},"end":{"line":34,"column":null}},"22":{"start":{"line":35,"column":4},"end":{"line":35,"column":null}},"23":{"start":{"line":38,"column":2},"end":{"line":96,"column":null}},"24":{"start":{"line":59,"column":30},"end":{"line":59,"column":null}},"25":{"start":{"line":60,"column":14},"end":{"line":90,"column":null}}},"fnMap":{"0":{"name":"(anonymous_0)","decl":{"start":{"line":6,"column":6},"end":{"line":6,"column":32}},"loc":{"start":{"line":6,"column":32},"end":{"line":98,"column":null}},"line":6},"1":{"name":"(anonymous_1)","decl":{"start":{"line":13,"column":2},"end":{"line":13,"column":18}},"loc":{"start":{"line":13,"column":18},"end":{"line":25,"column":5}},"line":13},"2":{"name":"(anonymous_2)","decl":{"start":{"line":14,"column":26},"end":{"line":14,"column":38}},"loc":{"start":{"line":14,"column":38},"end":{"line":23,"column":null}},"line":14},"3":{"name":"(anonymous_3)","decl":{"start":{"line":27,"column":8},"end":{"line":27,"column":24}},"loc":{"start":{"line":27,"column":39},"end":{"line":36,"column":null}},"line":27},"4":{"name":"(anonymous_4)","decl":{"start":{"line":58,"column":21},"end":{"line":58,"column":26}},"loc":{"start":{"line":58,"column":35},"end":{"line":92,"column":13}},"line":58}},"branchMap":{"0":{"loc":{"start":{"line":28,"column":4},"end":{"line":28,"column":null}},"type":"if","locations":[{"start":{"line":28,"column":4},"end":{"line":28,"column":null}},{"start":{},"end":{}}],"line":28},"1":{"loc":{"start":{"line":33,"column":4},"end":{"line":33,"column":null}},"type":"if","locations":[{"start":{"line":33,"column":4},"end":{"line":33,"column":null}},{"start":{},"end":{}}],"line":33},"2":{"loc":{"start":{"line":34,"column":4},"end":{"line":34,"column":null}},"type":"if","locations":[{"start":{"line":34,"column":4},"end":{"line":34,"column":null}},{"start":{},"end":{}}],"line":34},"3":{"loc":{"start":{"line":53,"column":11},"end":{"line":92,"column":null}},"type":"cond-expr","locations":[{"start":{"line":54,"column":12},"end":{"line":55,"column":23}},{"start":{"line":55,"column":14},"end":{"line":92,"column":null}}],"line":53},"4":{"loc":{"start":{"line":55,"column":14},"end":{"line":92,"column":null}},"type":"cond-expr","locations":[{"start":{"line":56,"column":12},"end":{"line":58,"column":21}},{"start":{"line":58,"column":12},"end":{"line":92,"column":null}}],"line":55},"5":{"loc":{"start":{"line":59,"column":30},"end":{"line":59,"column":null}},"type":"binary-expr","locations":[{"start":{"line":59,"column":30},"end":{"line":59,"column":41}},{"start":{"line":59,"column":41},"end":{"line":59,"column":null}}],"line":59},"6":{"loc":{"start":{"line":65,"column":84},"end":{"line":65,"column":101}},"type":"binary-expr","locations":[{"start":{"line":65,"column":84},"end":{"line":65,"column":99}},{"start":{"line":65,"column":99},"end":{"line":65,"column":101}}],"line":65},"7":{"loc":{"start":{"line":68,"column":30},"end":{"line":68,"column":56}},"type":"binary-expr","locations":[{"start":{"line":68,"column":30},"end":{"line":68,"column":50}},{"start":{"line":68,"column":50},"end":{"line":68,"column":56}}],"line":68},"8":{"loc":{"start":{"line":68,"column":70},"end":{"line":68,"column":null}},"type":"binary-expr","locations":[{"start":{"line":68,"column":70},"end":{"line":68,"column":91}},{"start":{"line":68,"column":91},"end":{"line":68,"column":null}}],"line":68},"9":{"loc":{"start":{"line":77,"column":21},"end":{"line":84,"column":null}},"type":"cond-expr","locations":[{"start":{"line":78,"column":22},"end":{"line":82,"column":23}},{"start":{"line":82,"column":22},"end":{"line":84,"column":null}}],"line":77}},"s":{"0":1,"1":0,"2":0,"3":0,"4":0,"5":0,"6":0,"7":0,"8":0,"9":0,"10":0,"11":0,"12":0,"13":0,"14":0,"15":0,"16":0,"17":0,"18":0,"19":0,"20":0,"21":0,"22":0,"23":0,"24":0,"25":0},"f":{"0":0,"1":0,"2":0,"3":0,"4":0},"b":{"0":[0,0],"1":[0,0],"2":[0,0],"3":[0,0],"4":[0,0],"5":[0,0],"6":[0,0],"7":[0,0],"8":[0,0],"9":[0,0]},"meta":{"lastBranch":10,"lastFunction":5,"lastStatement":26,"seen":{"s:6:6:98:Infinity":0,"f:6:6:6:32":0,"s:7:19:7:Infinity":1,"s:8:18:8:Infinity":2,"s:11:25:11:Infinity":3,"s:13:2:25:Infinity":4,"f:13:2:13:18":1,"s:14:26:23:Infinity":5,"f:14:26:14:38":2,"s:15:6:22:Infinity":6,"s:16:20:16:Infinity":7,"s:17:8:17:Infinity":8,"s:19:8:19:Infinity":9,"s:21:8:21:Infinity":10,"s:24:4:24:Infinity":11,"s:27:8:36:Infinity":12,"f:27:8:27:24":3,"b:28:4:28:Infinity:undefined:undefined:undefined:undefined":0,"s:28:4:28:Infinity":13,"s:28:21:28:Infinity":14,"s:29:16:29:Infinity":15,"s:30:16:30:Infinity":16,"s:31:10:31:Infinity":17,"b:33:4:33:Infinity:undefined:undefined:undefined:undefined":1,"s:33:4:33:Infinity":18,"s:33:23:33:Infinity":19,"b:34:4:34:Infinity:undefined:undefined:undefined:undefined":2,"s:34:4:34:Infinity":20,"s:34:24:34:Infinity":21,"s:35:4:35:Infinity":22,"s:38:2:96:Infinity":23,"b:54:12:55:23:55:14:92:Infinity":3,"b:56:12:58:21:58:12:92:Infinity":4,"f:58:21:58:26":4,"s:59:30:59:Infinity":24,"b:59:30:59:41:59:41:59:Infinity":5,"s:60:14:90:Infinity":25,"b:65:84:65:99:65:99:65:101":6,"b:68:30:68:50:68:50:68:56":7,"b:68:70:68:91:68:91:68:Infinity":8,"b:78:22:82:23:82:22:84:Infinity":9},"fnNames":{}}}
,"C:\\Users\\cvaru\\OneDrive\\Desktop\\auraaaaa\\frontend\\src\\utils\\formatters.js": {"path":"C:\\Users\\cvaru\\OneDrive\\Desktop\\auraaaaa\\frontend\\src\\utils\\formatters.js","statementMap":{"0":{"start":{"line":1,"column":13},"end":{"line":14,"column":null}},"1":{"start":{"line":2,"column":2},"end":{"line":2,"column":null}},"2":{"start":{"line":2,"column":19},"end":{"line":2,"column":null}},"3":{"start":{"line":4,"column":15},"end":{"line":4,"column":null}},"4":{"start":{"line":5,"column":2},"end":{"line":5,"column":null}},"5":{"start":{"line":5,"column":29},"end":{"line":5,"column":null}},"6":{"start":{"line":7,"column":2},"end":{"line":13,"column":null}},"7":{"start":{"line":16,"column":13},"end":{"line":31,"column":null}},"8":{"start":{"line":17,"column":2},"end":{"line":17,"column":null}},"9":{"start":{"line":17,"column":15},"end":{"line":17,"column":null}},"10":{"start":{"line":19,"column":20},"end":{"line":28,"column":null}},"11":{"start":{"line":30,"column":2},"end":{"line":30,"column":null}},"12":{"start":{"line":30,"column":92},"end":{"line":30,"column":107}},"13":{"start":{"line":33,"column":13},"end":{"line":46,"column":null}},"14":{"start":{"line":34,"column":2},"end":{"line":34,"column":null}},"15":{"start":{"line":34,"column":14},"end":{"line":34,"column":null}},"16":{"start":{"line":36,"column":19},"end":{"line":43,"column":null}},"17":{"start":{"line":45,"column":2},"end":{"line":45,"column":null}},"18":{"start":{"line":45,"column":89},"end":{"line":45,"column":104}},"19":{"start":{"line":48,"column":31},"end":{"line":52,"column":null}},"20":{"start":{"line":54,"column":13},"end":{"line":62,"column":null}},"21":{"start":{"line":55,"column":2},"end":{"line":57,"column":null}},"22":{"start":{"line":56,"column":4},"end":{"line":56,"column":null}},"23":{"start":{"line":58,"column":2},"end":{"line":61,"column":null}}},"fnMap":{"0":{"name":"(anonymous_0)","decl":{"start":{"line":1,"column":13},"end":{"line":1,"column":27}},"loc":{"start":{"line":1,"column":42},"end":{"line":14,"column":null}},"line":1},"1":{"name":"(anonymous_1)","decl":{"start":{"line":16,"column":13},"end":{"line":16,"column":29}},"loc":{"start":{"line":16,"column":40},"end":{"line":31,"column":null}},"line":16},"2":{"name":"(anonymous_2)","decl":{"start":{"line":30,"column":78},"end":{"line":30,"column":87}},"loc":{"start":{"line":30,"column":92},"end":{"line":30,"column":107}},"line":30},"3":{"name":"(anonymous_3)","decl":{"start":{"line":33,"column":13},"end":{"line":33,"column":37}},"loc":{"start":{"line":33,"column":47},"end":{"line":46,"column":null}},"line":33},"4":{"name":"(anonymous_4)","decl":{"start":{"line":45,"column":75},"end":{"line":45,"column":84}},"loc":{"start":{"line":45,"column":89},"end":{"line":45,"column":104}},"line":45},"5":{"name":"(anonymous_5)","decl":{"start":{"line":54,"column":13},"end":{"line":54,"column":31}},"loc":{"start":{"line":54,"column":42},"end":{"line":62,"column":null}},"line":54}},"branchMap":{"0":{"loc":{"start":{"line":2,"column":2},"end":{"line":2,"column":null}},"type":"if","locations":[{"start":{"line":2,"column":2},"end":{"line":2,"column":null}},{"start":{},"end":{}}],"line":2},"1":{"loc":{"start":{"line":5,"column":2},"end":{"line":5,"column":null}},"type":"if","locations":[{"start":{"line":5,"column":2},"end":{"line":5,"column":null}},{"start":{},"end":{}}],"line":5},"2":{"loc":{"start":{"line":17,"column":2},"end":{"line":17,"column":null}},"type":"if","locations":[{"start":{"line":17,"column":2},"end":{"line":17,"column":null}},{"start":{},"end":{}}],"line":17},"3":{"loc":{"start":{"line":30,"column":9},"end":{"line":30,"column":null}},"type":"binary-expr","locations":[{"start":{"line":30,"column":9},"end":{"line":30,"column":44}},{"start":{"line":30,"column":44},"end":{"line":30,"column":null}}],"line":30},"4":{"loc":{"start":{"line":34,"column":2},"end":{"line":34,"column":null}},"type":"if","locations":[{"start":{"line":34,"column":2},"end":{"line":34,"column":null}},{"start":{},"end":{}}],"line":34},"5":{"loc":{"start":{"line":45,"column":9},"end":{"line":45,"column":null}},"type":"binary-expr","locations":[{"start":{"line":45,"column":9},"end":{"line":45,"column":42}},{"start":{"line":45,"column":42},"end":{"line":45,"column":null}}],"line":45},"6":{"loc":{"start":{"line":55,"column":2},"end":{"line":57,"column":null}},"type":"if","locations":[{"start":{"line":55,"column":2},"end":{"line":57,"column":null}},{"start":{},"end":{}}],"line":55},"7":{"loc":{"start":{"line":55,"column":6},"end":{"line":55,"column":64}},"type":"binary-expr","locations":[{"start":{"line":55,"column":6},"end":{"line":55,"column":25}},{"start":{"line":55,"column":25},"end":{"line":55,"column":49}},{"start":{"line":55,"column":49},"end":{"line":55,"column":64}}],"line":55}},"s":{"0":1,"1":2,"2":0,"3":2,"4":2,"5":0,"6":2,"7":1,"8":2,"9":0,"10":2,"11":2,"12":0,"13":1,"14":0,"15":0,"16":0,"17":0,"18":0,"19":1,"20":1,"21":1,"22":1,"23":0},"f":{"0":2,"1":2,"2":0,"3":0,"4":0,"5":1},"b":{"0":[0,2],"1":[0,2],"2":[0,2],"3":[2,0],"4":[0,0],"5":[0,0],"6":[1,0],"7":[1,1,0]},"meta":{"lastBranch":8,"lastFunction":6,"lastStatement":24,"seen":{"s:1:13:14:Infinity":0,"f:1:13:1:27":0,"b:2:2:2:Infinity:undefined:undefined:undefined:undefined":0,"s:2:2:2:Infinity":1,"s:2:19:2:Infinity":2,"s:4:15:4:Infinity":3,"b:5:2:5:Infinity:undefined:undefined:undefined:undefined":1,"s:5:2:5:Infinity":4,"s:5:29:5:Infinity":5,"s:7:2:13:Infinity":6,"s:16:13:31:Infinity":7,"f:16:13:16:29":1,"b:17:2:17:Infinity:undefined:undefined:undefined:undefined":2,"s:17:2:17:Infinity":8,"s:17:15:17:Infinity":9,"s:19:20:28:Infinity":10,"s:30:2:30:Infinity":11,"b:30:9:30:44:30:44:30:Infinity":3,"f:30:78:30:87":2,"s:30:92:30:107":12,"s:33:13:46:Infinity":13,"f:33:13:33:37":3,"b:34:2:34:Infinity:undefined:undefined:undefined:undefined":4,"s:34:2:34:Infinity":14,"s:34:14:34:Infinity":15,"s:36:19:43:Infinity":16,"s:45:2:45:Infinity":17,"b:45:9:45:42:45:42:45:Infinity":5,"f:45:75:45:84":4,"s:45:89:45:104":18,"s:48:31:52:Infinity":19,"s:54:13:62:Infinity":20,"f:54:13:54:31":5,"b:55:2:57:Infinity:undefined:undefined:undefined:undefined":6,"s:55:2:57:Infinity":21,"b:55:6:55:25:55:25:55:49:55:49:55:64":7,"s:56:4:56:Infinity":22,"s:58:2:61:Infinity":23},"fnNames":{}}}
}
